command-line param: run-type="te"
command-line param: dim=2
command-line param: sgnum=2
command-line param: res=64
command-line param: rvecs=(list (vector3 1.0 0.0) (vector3 0.47987964176261827 0.6178344500896871))
command-line param: uc-gvecs=(list (vector3 -1 0) (vector3 1 0) (vector3 0 -1) (vector3 0 1) (vector3 -1 -1) (vector3 1 1) (vector3 -1 1) (vector3 1 -1) (vector3 -2 0) (vector3 2 0) (vector3 0 -2) (vector3 0 2) (vector3 -2 -1) (vector3 2 1) (vector3 -2 1) (vector3 2 -1) (vector3 -1 -2) (vector3 1 2) (vector3 -1 2) (vector3 1 -2) (vector3 -2 -2) (vector3 2 2) (vector3 -2 2) (vector3 2 -2) (vector3 -3 0) (vector3 3 0) (vector3 0 -3) (vector3 0 3) (vector3 -3 -1) (vector3 3 1) (vector3 -3 1) (vector3 3 -1) (vector3 -1 -3) (vector3 1 3) (vector3 -1 3) (vector3 1 -3) (vector3 -3 -2) (vector3 3 2) (vector3 -3 2) (vector3 3 -2) (vector3 -2 -3) (vector3 2 3) (vector3 -2 3) (vector3 2 -3) (vector3 -4 0) (vector3 4 0) (vector3 0 -4) (vector3 0 4) (vector3 -4 -1) (vector3 4 1) (vector3 -4 1) (vector3 4 -1) (vector3 -1 -4) (vector3 1 4) (vector3 -1 4) (vector3 1 -4) (vector3 -3 -3) (vector3 3 3) (vector3 -3 3) (vector3 3 -3) (vector3 -4 -2) (vector3 4 2) (vector3 -4 2) (vector3 4 -2) (vector3 -2 -4) (vector3 2 4) (vector3 -2 4) (vector3 2 -4) (vector3 -4 -3) (vector3 4 3) (vector3 -4 3) (vector3 4 -3) (vector3 -3 -4) (vector3 3 4) (vector3 -3 4) (vector3 3 -4) (vector3 -4 -4) (vector3 4 4) (vector3 -4 4) (vector3 4 -4))
command-line param: uc-coefs=(list 0.12492+0.0i 0.12492+0.0i 0.16592+0.0i 0.16592+0.0i -0.2164+0.0i -0.2164+0.0i 0.3219+0.0i 0.3219+0.0i 0.31963+0.0i 0.31963+0.0i -0.22243+0.0i -0.22243+0.0i 0.03173+0.0i 0.03173+0.0i 0.02106+0.0i 0.02106+0.0i 0.07201+0.0i 0.07201+0.0i -0.07528+0.0i -0.07528+0.0i -0.28158+0.0i -0.28158+0.0i -0.07109+0.0i -0.07109+0.0i 0.08969+0.0i 0.08969+0.0i 0.00625+0.0i 0.00625+0.0i 0.00603+0.0i 0.00603+0.0i -0.0872+0.0i -0.0872+0.0i -0.08396+0.0i -0.08396+0.0i -0.00731+0.0i -0.00731+0.0i 0.18672+0.0i 0.18672+0.0i -0.01897+0.0i -0.01897+0.0i 0.17355+0.0i 0.17355+0.0i -0.04127+0.0i -0.04127+0.0i -0.04459+0.0i -0.04459+0.0i 0.04301+0.0i 0.04301+0.0i -0.02879+0.0i -0.02879+0.0i 0.02658+0.0i 0.02658+0.0i -0.05987+0.0i -0.05987+0.0i 0.06245+0.0i 0.06245+0.0i 0.00093+0.0i 0.00093+0.0i 0.04034+0.0i 0.04034+0.0i -0.08615+0.0i -0.08615+0.0i -0.02188+0.0i -0.02188+0.0i 0.19676+0.0i 0.19676+0.0i 0.06692+0.0i 0.06692+0.0i 0.09411+0.0i 0.09411+0.0i 0.00929+0.0i 0.00929+0.0i 0.01951+0.0i 0.01951+0.0i -0.02096+0.0i -0.02096+0.0i -0.08037+0.0i -0.08037+0.0i -0.06272+0.0i -0.06272+0.0i)
command-line param: uc-level=0.09829552759453425
command-line param: epsin=16
command-line param: epsout=1.0
command-line param: prefix="dim2-sg2-21877-res64-te"
command-line param: nbands=40
command-line param: Ws=(list (matrix3x3 (vector3 1.0 0.0 0.0) (vector3 0.0 1.0 0.0) (vector3 0.0 0.0 1.0)) (matrix3x3 (vector3 -1.0 0.0 0.0) (vector3 0.0 -1.0 0.0) (vector3 0.0 0.0 1.0)))
command-line param: ws=(list (vector3 0.0 0.0) (vector3 0.0 0.0))
command-line param: opidxs=(list (list 1 2) (list 1 2) (list 1 2) (list 1 2))
command-line param: kvecs=(list (vector3 0.0 0.5) (vector3 0.5 0.0) (vector3 0.5 -0.5) (vector3 0.0 0.0))
init-params: initializing eigensolver data
Computing 40 bands with 1.000000e-07 tolerance.
Working in 2 dimensions.
Grid size is 64 x 64 x 1.
Solving for 10 bands at a time.
Creating Maxwell data...
Mesh size is 3.
Lattice vectors:
     (1, 0, 0)
     (0.47988, 0.617834, 0)
     (0, 0, 1)
Cell volume = 0.617834
Reciprocal lattice vectors (/ 2 pi):
     (1, -0.776712, 0)
     (-0, 1.61856, -0)
     (0, -0, 1)
Geometric objects:
Geometric object tree has depth 1 and 0 object nodes (vs. 0 actual objects)
Initializing epsilon function...
Allocating fields...
4 k-points:
     (0,0.5,0)
     (0.5,0,0)
     (0.5,-0.5,0)
     (0,0,0)
Solving for band polarization: te.
Initializing fields to random numbers...
solve_kpoint (0,0.5,0):
tefreqs:, k index, k1, k2, k3, kmag/2pi, te band 1, te band 2, te band 3, te band 4, te band 5, te band 6, te band 7, te band 8, te band 9, te band 10, te band 11, te band 12, te band 13, te band 14, te band 15, te band 16, te band 17, te band 18, te band 19, te band 20, te band 21, te band 22, te band 23, te band 24, te band 25, te band 26, te band 27, te band 28, te band 29, te band 30, te band 31, te band 32, te band 33, te band 34, te band 35, te band 36, te band 37, te band 38, te band 39, te band 40
Solving for bands 1 to 10...
Finished solving for bands 1 to 10 after 33 iterations.
Solving for bands 11 to 20...
Finished solving for bands 11 to 20 after 36 iterations.
Solving for bands 21 to 30...
Finished solving for bands 21 to 30 after 57 iterations.
Solving for bands 31 to 40...
Finished solving for bands 31 to 40 after 58 iterations.
Finished k-point with 46 mean iterations/band.
tefreqs:, 1, 0, 0.5, 0, 0.809278, 0.269051, 0.323919, 0.438772, 0.53196, 0.667547, 0.718022, 0.771485, 0.82065, 0.824076, 0.844948, 0.872929, 0.901162, 0.979464, 1.00027, 1.0354, 1.08249, 1.13665, 1.15795, 1.18474, 1.20079, 1.22854, 1.25109, 1.26352, 1.33444, 1.37016, 1.39411, 1.39883, 1.4063, 1.42553, 1.42716, 1.45618, 1.45819, 1.50912, 1.52984, 1.55538, 1.57451, 1.57749, 1.59827, 1.61733, 1.64913
sym-eigs:, 1, (+x,+y), 0.9999999999999987+0.0i, 1.0000000000000013+0.0i, 1.000000000000002+0.0i, 1.0000000000000009+0.0i, 1.0+0.0i, 0.9999999999999994+0.0i, 0.999999999999999+0.0i, 0.9999999999999948+0.0i, 0.9999999999999987+0.0i, 0.9999999999999973+0.0i, 0.9999999999999976+0.0i, 0.9999999999999996+0.0i, 1.0000000000000016+0.0i, 0.9999999999999988+0.0i, 0.9999999999999958+0.0i, 1.0000000000000004+0.0i, 0.9999999999999987+0.0i, 1.0000000000000004+0.0i, 1.0000000000000002+0.0i, 1.0000000000000013+0.0i, 1.0000000000000029+0.0i, 1.0000000000000022+0.0i, 0.9999999999999971+0.0i, 1.0000000000000013+0.0i, 1.000000000000003+0.0i, 1.000000000000001+0.0i, 1.0000000000000044+0.0i, 0.9999999999999988+0.0i, 1.0000000000000004+0.0i, 0.9999999999999997+0.0i, 1.0000000000000016+0.0i, 1.0000000000000002+0.0i, 1.0000000000000033+0.0i, 1.000000000000004+0.0i, 1.0000000000000038+0.0i, 1.0000000000000016+0.0i, 1.0000000000000044+0.0i, 1.0000000000000007+0.0i, 1.0000000000000013+0.0i, 1.0000000000000002+0.0i
sym-eigs:, 1, (-x,-y), 0.9999998580566389-3.3597537878216223e-19i, -0.9999994141719003+3.470960591546248e-18i, 0.9999989864600753-3.156441584306249e-18i, -0.9999991284349786+3.6265847009938264e-18i, 0.9999984354417929-2.0882348187643253e-19i, -0.9999980706500621+2.8280462575132574e-19i, -0.9999978902207266+6.377252283238986e-18i, -0.9999843307452542+5.817195194951704e-18i, 0.9999846692725809-4.467667923869927e-18i, 0.9999978807447906-5.345253144674463e-18i, -0.9999962779871824+6.52221362268238e-18i, 0.9999958097135079-5.542023771500153e-19i, 0.999996606633761-3.4038440147100916e-18i, -0.9999953339013266+5.240849580707109e-18i, 0.9999949305146397-1.669083292372833e-18i, -0.9999966803003663+5.920388567231466e-18i, 0.999992322023183-4.9002623903587194e-18i, -0.9999915082660507+9.388470865034253e-19i, 0.9999871122550689-1.4702847767733409e-18i, -0.9999915597480651+2.365434130989678e-18i, -0.9999860419140294+9.922263522912455e-19i, -0.9999737431846668+6.467264378489036e-18i, 0.999967783424322-2.339267824230943e-18i, 0.9999950704278538-4.911154115547043e-18i, -0.9999873311078636+1.6353287566540644e-18i, 0.9999800550061767-2.6281438508473812e-18i, 0.9999888160929468-1.5254956840342725e-18i, -0.9999784327202659+5.988159301736591e-18i, 0.9999570365993444-4.2881343516215535e-18i, -0.9999512772555033+2.987080163810334e-18i, -0.9994063371412041+2.009572359070877e-19i, 0.9993996405371972-2.7212959029084792e-18i, 0.9999849892206949-1.0379192654686871e-18i, 0.9999895629776322-5.944984895584678e-18i, -0.9999857075080899+4.296638401318143e-18i, 0.9999846483305309-3.774228086879991e-18i, -0.9999829971536264+3.5795507645949995e-18i, -0.9999888397539252+2.4193367229126732e-18i, -0.9999874935166362+2.696699574555268e-18i, 0.9999817805267782-2.5344684726511086e-18i
solve_kpoint (0.5,0,0):
Solving for bands 1 to 10...
Finished solving for bands 1 to 10 after 25 iterations.
Solving for bands 11 to 20...
Finished solving for bands 11 to 20 after 27 iterations.
Solving for bands 21 to 30...
Finished solving for bands 21 to 30 after 42 iterations.
Solving for bands 31 to 40...
Finished solving for bands 31 to 40 after 45 iterations.
Finished k-point with 34.75 mean iterations/band.
tefreqs:, 2, 0.5, 0, 0, 0.633104, 0.271055, 0.276111, 0.453547, 0.583088, 0.648047, 0.700191, 0.75948, 0.802058, 0.852329, 0.869424, 0.914281, 0.923288, 0.938796, 0.986816, 1.00836, 1.05332, 1.11429, 1.16009, 1.18602, 1.19823, 1.25429, 1.26233, 1.29435, 1.29822, 1.38571, 1.38677, 1.40753, 1.42071, 1.43658, 1.44065, 1.45648, 1.49331, 1.50316, 1.51998, 1.52703, 1.54635, 1.56373, 1.60245, 1.61676, 1.66346
sym-eigs:, 2, (+x,+y), 1.0000000000000036+0.0i, 0.9999999999999897+0.0i, 1.0000000000000013+0.0i, 1.000000000000001+0.0i, 1.000000000000001+0.0i, 1.000000000000006+0.0i, 1.0000000000000009+0.0i, 0.9999999999999954+0.0i, 0.9999999999999982+0.0i, 1.0000000000000044+0.0i, 0.9999999999999971+0.0i, 0.9999999999999987+0.0i, 1.000000000000003+0.0i, 0.9999999999999934+0.0i, 1.0000000000000004+0.0i, 1.0000000000000004+0.0i, 0.9999999999999981+0.0i, 1.0000000000000024+0.0i, 1.000000000000001+0.0i, 1.0000000000000018+0.0i, 0.9999999999999989+0.0i, 0.9999999999999967+0.0i, 1.0000000000000016+0.0i, 0.9999999999999981+0.0i, 0.9999999999999991+0.0i, 0.9999999999999971+0.0i, 0.9999999999999987+0.0i, 0.9999999999999971+0.0i, 0.9999999999999981+0.0i, 1.0000000000000013+0.0i, 1.0000000000000016+0.0i, 0.9999999999999978+0.0i, 0.9999999999999963+0.0i, 0.9999999999999996+0.0i, 0.9999999999999948+0.0i, 1.0000000000000007+0.0i, 1.0000000000000004+0.0i, 1.0000000000000016+0.0i, 0.999999999999997+0.0i, 0.9999999999999971+0.0i
sym-eigs:, 2, (-x,-y), 0.9999946971315058-7.169568051893493e-20i, -0.9999948177439131+3.9563455819207895e-18i, 0.999999070480436-3.6727028166560975e-18i, -0.9999987221338072+2.0106190113412266e-18i, 0.9999980517684263-1.095714095522044e-19i, -0.9999971314784518+8.373218162795321e-19i, -0.999996919661556+4.587476900941487e-18i, 0.9999984041920434-5.06972193450498e-19i, 0.999994269191466-1.8944406093324414e-19i, -0.9999965955569594+1.964566311445852e-18i, -0.9999894555396072+3.1362935281020224e-18i, 0.9999937109124882-3.5481511964845175e-19i, 0.9999957489626005-6.212535382192747e-19i, -0.999995212527238+6.087067941284611e-18i, -0.9999962077072979+4.546657462397859e-18i, 0.999997658831383-2.816148764908895e-20i, 0.9999961328660381-2.7526954710189617e-19i, -0.9999966445747934+2.1142375861058185e-19i, -0.9999940143167395+3.4068531399873464e-18i, 0.999990807195676-7.60497539635885e-18i, 0.999987831473563-2.3484260315965002e-18i, -0.9999818547065724+1.8536211707888144e-18i, -0.9994795410052824+2.3434544333123404e-18i, 0.9994775935940641-5.857066104875327e-18i, -0.9956648185320734+3.403713183176298e-18i, 0.995679976243913-3.0729710657458827e-18i, 0.9999838117493135-1.1230578860849224e-18i, 0.9999686314890234-6.045463513538222e-18i, -0.9999521860436232+5.40988392236854e-19i, 0.9999296902880963-2.9934254931993275e-19i, -0.9999444744592026+2.453352921699029e-18i, -0.9999886387628177+5.515857464741417e-19i, 0.9999834804566827-3.692589209792737e-18i, 0.9999772565068081-2.877247091190542e-18i, -0.9999773535441705+1.5699784055241228e-20i, -0.9999815292423241+2.716585967691907e-18i, 0.9999827325148811-1.1052647974889824e-18i, 0.9999879827255568-2.673149898472406e-18i, -0.9999810755577765+2.8050280845364326e-18i, -0.9999863621470764+4.165676035990672e-19i
solve_kpoint (0.5,-0.5,0):
Solving for bands 1 to 10...
Finished solving for bands 1 to 10 after 22 iterations.
Solving for bands 11 to 20...
Finished solving for bands 11 to 20 after 44 iterations.
Solving for bands 21 to 30...
Finished solving for bands 21 to 30 after 33 iterations.
Solving for bands 31 to 40...
Finished solving for bands 31 to 40 after 49 iterations.
Finished k-point with 37 mean iterations/band.
tefreqs:, 3, 0.5, -0.5, 0, 1.29782, 0.281579, 0.314421, 0.404367, 0.608106, 0.652881, 0.707771, 0.749156, 0.771161, 0.825701, 0.85396, 0.912968, 0.916916, 0.960807, 1.00687, 1.03655, 1.07679, 1.12665, 1.13947, 1.21528, 1.23048, 1.23892, 1.25667, 1.28459, 1.31707, 1.33228, 1.33748, 1.35787, 1.42658, 1.44097, 1.44185, 1.47941, 1.48871, 1.49151, 1.53902, 1.54297, 1.5456, 1.59516, 1.60414, 1.63264, 1.64872
sym-eigs:, 3, (+x,+y), 1.0000000000000038+0.0i, 0.9999999999999987+0.0i, 1.0000000000000033+0.0i, 0.999999999999999+0.0i, 0.9999999999999981+0.0i, 0.999999999999999+0.0i, 1.0+0.0i, 1.0000000000000002+0.0i, 0.9999999999999999+0.0i, 1.000000000000002+0.0i, 1.0000000000000044+0.0i, 1.0000000000000047+0.0i, 0.999999999999995+0.0i, 1.0000000000000004+0.0i, 0.9999999999999973+0.0i, 1.0000000000000007+0.0i, 0.9999999999999983+0.0i, 0.9999999999999996+0.0i, 1.0000000000000029+0.0i, 1.0000000000000002+0.0i, 1.0000000000000007+0.0i, 0.9999999999999994+0.0i, 1.0+0.0i, 1.0000000000000002+0.0i, 0.9999999999999973+0.0i, 1.0000000000000022+0.0i, 1.0000000000000022+0.0i, 1.0000000000000027+0.0i, 0.9999999999999961+0.0i, 1.0000000000000022+0.0i, 0.9999999999999978+0.0i, 1.0000000000000009+0.0i, 1.0000000000000009+0.0i, 1.0000000000000018+0.0i, 1.0000000000000027+0.0i, 0.999999999999999+0.0i, 1.0000000000000029+0.0i, 0.9999999999999987+0.0i, 1.0+0.0i, 0.9999999999999983+0.0i
sym-eigs:, 3, (-x,-y), 0.9999993656208279-3.45395249215307e-20i, -0.9999997210499615+6.096749474785343e-19i, 0.9999996397718418-8.838324265431842e-19i, -0.9999984374907402-8.750994216624562e-19i, -0.9999987469834954-2.8628556224732376e-18i, 0.9999978592422349+5.839273016279387e-18i, 0.9999984474391727-3.747015127850906e-19i, -0.9999984707236304-3.953212268898566e-18i, 0.9999969445117234-4.1866090813976604e-19i, -0.9999965348146881-1.0273546191148479e-18i, 0.9999735909351809+6.731020750617089e-18i, -0.9999736554667226-3.2215956881355e-18i, 0.9999976795488205+2.629582997719112e-18i, -0.9999972023125816-3.80693597032841e-18i, 0.9999978196967004+2.199539746139296e-18i, -0.9999953770661084+1.262753256293121e-18i, -0.9999942808969404-2.3034199839714753e-18i, 0.9999957308411471+4.381548066750239e-18i, 0.9999918597379133-3.403713183176298e-18i, -0.9997518670887401-1.2476095062565028e-18i, 0.9997544626152137-6.397138676375625e-18i, -0.9999908584062046-5.521090726093165e-18i, 0.9999926442799755+4.014958109060356e-18i, -0.9999930449426326-1.9336900694705443e-19i, 0.9999847953274835+1.908047088846984e-18i, -0.99998560196303+2.1163308906465174e-18i, 0.9999968036480571+2.9055067024899763e-18i, -0.999984986235412-4.054730895333634e-18i, 0.9984962048403524+1.9174669592801286e-18i, -0.9985033315581626-4.538284244235064e-18i, -0.9999866953075807+2.7642086459928052e-18i, -0.9999821316237881+5.861252713956725e-20i, 0.9999763774861378+4.995671286377758e-18i, 0.9998424315461033+5.4066131340236976e-18i, -0.9996449878704946-2.9536527069260494e-18i, 0.999798037339777+2.120517499727915e-18i, -0.9999918757435197-5.001722244815716e-18i, 0.9999896981034798-4.165676035990672e-19i, -0.9999863999735564+2.3303712799329728e-18i, 0.9999906627564702+3.0860542191252504e-18i
solve_kpoint (0,0,0):
Solving for bands 2 to 11...
Finished solving for bands 2 to 11 after 44 iterations.
Solving for bands 12 to 21...
Finished solving for bands 12 to 21 after 31 iterations.
Solving for bands 22 to 31...
Finished solving for bands 22 to 31 after 49 iterations.
Solving for bands 32 to 40...
Finished solving for bands 32 to 40 after 45 iterations.
Finished k-point with 41.125 mean iterations/band.
tefreqs:, 4, 0, 0, 0, 0, 0, 0.442192, 0.47046, 0.60697, 0.633768, 0.644572, 0.731242, 0.810084, 0.810605, 0.863343, 0.914354, 0.917828, 0.948567, 1.01656, 1.05888, 1.07157, 1.13562, 1.14926, 1.17439, 1.21371, 1.23445, 1.27208, 1.28073, 1.30131, 1.32831, 1.35462, 1.39498, 1.40859, 1.42563, 1.45557, 1.45802, 1.48678, 1.53488, 1.54219, 1.54853, 1.55676, 1.58209, 1.60249, 1.64055, 1.66222
sym-eigs:, 4, (+x,+y), 1.0000000000000342+0.0i, 1.0000000000000002+0.0i, 0.9999999999999994+0.0i, 1.0000000000000009+0.0i, 0.9999999999999964+0.0i, 0.9999999999999982+0.0i, 1.0000000000000027+0.0i, 0.9999999999999988+0.0i, 0.9999999999999979+0.0i, 0.9999999999999982+0.0i, 1.0000000000000007+0.0i, 0.999999999999996+0.0i, 1.0000000000000009+0.0i, 1.0000000000000016+0.0i, 0.9999999999999989+0.0i, 0.9999999999999983+0.0i, 0.9999999999999993+0.0i, 0.9999999999999971+0.0i, 1.0000000000000009+0.0i, 1.0000000000000016+0.0i, 0.9999999999999932+0.0i, 0.9999999999999981+0.0i, 1.0000000000000016+0.0i, 1.0000000000000029+0.0i, 1.0000000000000009+0.0i, 0.9999999999999999+0.0i, 0.9999999999999978+0.0i, 1.0000000000000002+0.0i, 1.0000000000000009+0.0i, 1.0000000000000016+0.0i, 1.0000000000000027+0.0i, 0.9999999999999958+0.0i, 0.9999999999999999+0.0i, 0.9999999999999967+0.0i, 0.999999999999999+0.0i, 1.0000000000000002+0.0i, 0.9999999999999987+0.0i, 0.9999999999999991+0.0i, 1.000000000000002+0.0i, 1.0000000000000038+0.0i
sym-eigs:, 4, (-x,-y), 1.0000000000000342+0.0i, -0.9999993035987864+2.145637154216301e-20i, 0.9999992360429841-6.803239757271198e-21i, -0.999998863818417+6.3616833307175386e-21i, -0.9999959434811792-1.6206102091022757e-18i, 0.9999954195230002-2.6297138292529053e-19i, 0.999998976410134-1.6092278656622256e-20i, 0.998608364043172-1.5071792693031578e-18i, -0.9986089797496486+3.9563455819207895e-18i, 0.9999936862848697-1.4320819689055872e-18i, 0.9989228952665193+7.619628528143742e-18i, -0.9989196471415298+2.8605006548649517e-18i, -0.9999965396933693-8.504049696588998e-20i, 0.9999977677294193-6.489244076166373e-20i, -0.9999982725310479-2.1652618842853526e-20i, 0.9999979877996378-1.7415312542110814e-19i, -0.9999950216395554-4.291274308432602e-20i, 0.9999954091142456-1.6118444963380994e-19i, -0.9999971237024938+8.530216003347734e-20i, 0.9999957591065496-4.43780562628152e-19i, -0.9999761561811833+6.070583168026607e-19i, 0.9999931796595819+8.582548616865204e-20i, 0.9999783906372266+9.25240606988883e-19i, -0.9999936615883475+5.704254873404313e-20i, -0.9999951064813075+7.091069131617288e-20i, -0.9999939773591716-8.373218162795321e-21i, 0.999993566579573-3.108557242937763e-19i, -0.9999919729016014-2.7526954710189617e-19i, 0.9999924101179035-9.62920088721462e-20i, -0.9999922278965889-1.0466522703494151e-19i, 0.9999915906947797-3.573009187905316e-19i, -0.9999912630980609-2.1665701996232894e-19i, 0.9999783105554328-2.7605453630465826e-20i, -0.9999772378530113+1.3449481673989983e-19i, 0.9999913669531144-4.3122073538395905e-19i, 0.9999930658686048-2.3026349947687134e-20i, -0.9999918491245681-4.605269989537427e-20i, 0.9999920051868407-5.337926578782017e-20i, -0.9999919260764747-6.606992456580683e-21i, 0.9999680883629258-8.582548616865204e-20i
