command-line param: run-type="te"
command-line param: dim=2
command-line param: sgnum=16
command-line param: res=16
command-line param: rvecs=(list (vector3 1.0 0.0) (vector3 -0.4999999999999998 0.8660254037844387))
command-line param: uc-gvecs=(list (vector3 -1 0) (vector3 -1 1) (vector3 0 -1) (vector3 0 1) (vector3 1 -1) (vector3 1 0) (vector3 -2 0) (vector3 -2 2) (vector3 0 -2) (vector3 0 2) (vector3 2 -2) (vector3 2 0) (vector3 -2 1) (vector3 -1 -1) (vector3 -1 2) (vector3 1 -2) (vector3 1 1) (vector3 2 -1) (vector3 -3 0) (vector3 -3 3) (vector3 0 -3) (vector3 0 3) (vector3 3 -3) (vector3 3 0) (vector3 -3 1) (vector3 -2 3) (vector3 -1 -2) (vector3 1 2) (vector3 2 -3) (vector3 3 -1) (vector3 -3 2) (vector3 -2 -1) (vector3 -1 3) (vector3 1 -3) (vector3 2 1) (vector3 3 -2) (vector3 -4 0) (vector3 -4 4) (vector3 0 -4) (vector3 0 4) (vector3 4 -4) (vector3 4 0) (vector3 -4 1) (vector3 -3 4) (vector3 -1 -3) (vector3 1 3) (vector3 3 -4) (vector3 4 -1) (vector3 -4 2) (vector3 -2 -2) (vector3 -2 4) (vector3 2 -4) (vector3 2 2) (vector3 4 -2) (vector3 -4 3) (vector3 -3 -1) (vector3 -1 4) (vector3 1 -4) (vector3 3 1) (vector3 4 -3) (vector3 -5 1) (vector3 -4 5) (vector3 -1 -4) (vector3 1 4) (vector3 4 -5) (vector3 5 -1) (vector3 -5 2) (vector3 -3 5) (vector3 -2 -3) (vector3 2 3) (vector3 3 -5) (vector3 5 -2) (vector3 -5 3) (vector3 -3 -2) (vector3 -2 5) (vector3 2 -5) (vector3 3 2) (vector3 5 -3) (vector3 -6 2) (vector3 -4 6) (vector3 -2 -4) (vector3 2 4) (vector3 4 -6) (vector3 6 -2) (vector3 -5 4) (vector3 -4 -1) (vector3 -1 5) (vector3 1 -5) (vector3 4 1) (vector3 5 -4) (vector3 -6 3) (vector3 -3 -3) (vector3 -3 6) (vector3 3 -6) (vector3 3 3) (vector3 6 -3) (vector3 -6 4) (vector3 -4 -2) (vector3 -2 6) (vector3 2 -6) (vector3 4 2) (vector3 6 -4) (vector3 -7 3) (vector3 -4 7) (vector3 -3 -4) (vector3 3 4) (vector3 4 -7) (vector3 7 -3) (vector3 -7 4) (vector3 -4 -3) (vector3 -3 7) (vector3 3 -7) (vector3 4 3) (vector3 7 -4) (vector3 -8 4) (vector3 -4 -4) (vector3 -4 8) (vector3 4 -8) (vector3 4 4) (vector3 8 -4))
command-line param: uc-coefs=(list 0.00157+0.0i 0.00157+0.0i 0.00157+0.0i 0.00157+0.0i 0.00157+0.0i 0.00157+0.0i 0.02577+0.0i 0.02577+0.0i 0.02577+0.0i 0.02577+0.0i 0.02577+0.0i 0.02577+0.0i 0.13842+0.0i 0.13842+0.0i 0.13842+0.0i 0.13842+0.0i 0.13842+0.0i 0.13842+0.0i -0.06711+0.0i -0.06711+0.0i -0.06711+0.0i -0.06711+0.0i -0.06711+0.0i -0.06711+0.0i -0.10306+0.0i -0.10306+0.0i -0.10306+0.0i -0.10306+0.0i -0.10306+0.0i -0.10306+0.0i -0.03756+0.0i -0.03756+0.0i -0.03756+0.0i -0.03756+0.0i -0.03756+0.0i -0.03756+0.0i -0.01403+0.0i -0.01403+0.0i -0.01403+0.0i -0.01403+0.0i -0.01403+0.0i -0.01403+0.0i 0.02741+0.0i 0.02741+0.0i 0.02741+0.0i 0.02741+0.0i 0.02741+0.0i 0.02741+0.0i -0.18264+0.0i -0.18264+0.0i -0.18264+0.0i -0.18264+0.0i -0.18264+0.0i -0.18264+0.0i -0.00036+0.0i -0.00036+0.0i -0.00036+0.0i -0.00036+0.0i -0.00036+0.0i -0.00036+0.0i 0.00789+0.0i 0.00789+0.0i 0.00789+0.0i 0.00789+0.0i 0.00789+0.0i 0.00789+0.0i -0.09424+0.0i -0.09424+0.0i -0.09424+0.0i -0.09424+0.0i -0.09424+0.0i -0.09424+0.0i 0.00291+0.0i 0.00291+0.0i 0.00291+0.0i 0.00291+0.0i 0.00291+0.0i 0.00291+0.0i -0.00012+0.0i -0.00012+0.0i -0.00012+0.0i -0.00012+0.0i -0.00012+0.0i -0.00012+0.0i -0.0188+0.0i -0.0188+0.0i -0.0188+0.0i -0.0188+0.0i -0.0188+0.0i -0.0188+0.0i -0.02176+0.0i -0.02176+0.0i -0.02176+0.0i -0.02176+0.0i -0.02176+0.0i -0.02176+0.0i -0.01057+0.0i -0.01057+0.0i -0.01057+0.0i -0.01057+0.0i -0.01057+0.0i -0.01057+0.0i -0.01901+0.0i -0.01901+0.0i -0.01901+0.0i -0.01901+0.0i -0.01901+0.0i -0.01901+0.0i -0.0112+0.0i -0.0112+0.0i -0.0112+0.0i -0.0112+0.0i -0.0112+0.0i -0.0112+0.0i -0.04238+0.0i -0.04238+0.0i -0.04238+0.0i -0.04238+0.0i -0.04238+0.0i -0.04238+0.0i)
command-line param: uc-level=-0.1900520690884422
command-line param: epsin=16
command-line param: epsout=1.0
command-line param: prefix="dim2-sg16-28080-res16-te"
command-line param: nbands=4
command-line param: uc-gvecs-clad=(list (vector3 -1 0) (vector3 -1 1) (vector3 0 -1) (vector3 0 1) (vector3 1 -1) (vector3 1 0) (vector3 -2 0) (vector3 -2 2) (vector3 0 -2) (vector3 0 2) (vector3 2 -2) (vector3 2 0) (vector3 -2 1) (vector3 -1 -1) (vector3 -1 2) (vector3 1 -2) (vector3 1 1) (vector3 2 -1) (vector3 -3 0) (vector3 -3 3) (vector3 0 -3) (vector3 0 3) (vector3 3 -3) (vector3 3 0) (vector3 -3 1) (vector3 -2 3) (vector3 -1 -2) (vector3 1 2) (vector3 2 -3) (vector3 3 -1) (vector3 -3 2) (vector3 -2 -1) (vector3 -1 3) (vector3 1 -3) (vector3 2 1) (vector3 3 -2) (vector3 -4 0) (vector3 -4 4) (vector3 0 -4) (vector3 0 4) (vector3 4 -4) (vector3 4 0) (vector3 -4 1) (vector3 -3 4) (vector3 -1 -3) (vector3 1 3) (vector3 3 -4) (vector3 4 -1) (vector3 -4 2) (vector3 -2 -2) (vector3 -2 4) (vector3 2 -4) (vector3 2 2) (vector3 4 -2) (vector3 -4 3) (vector3 -3 -1) (vector3 -1 4) (vector3 1 -4) (vector3 3 1) (vector3 4 -3) (vector3 -5 1) (vector3 -4 5) (vector3 -1 -4) (vector3 1 4) (vector3 4 -5) (vector3 5 -1) (vector3 -5 2) (vector3 -3 5) (vector3 -2 -3) (vector3 2 3) (vector3 3 -5) (vector3 5 -2) (vector3 -5 3) (vector3 -3 -2) (vector3 -2 5) (vector3 2 -5) (vector3 3 2) (vector3 5 -3) (vector3 -6 2) (vector3 -4 6) (vector3 -2 -4) (vector3 2 4) (vector3 4 -6) (vector3 6 -2) (vector3 -5 4) (vector3 -4 -1) (vector3 -1 5) (vector3 1 -5) (vector3 4 1) (vector3 5 -4) (vector3 -6 3) (vector3 -3 -3) (vector3 -3 6) (vector3 3 -6) (vector3 3 3) (vector3 6 -3) (vector3 -6 4) (vector3 -4 -2) (vector3 -2 6) (vector3 2 -6) (vector3 4 2) (vector3 6 -4) (vector3 -7 3) (vector3 -4 7) (vector3 -3 -4) (vector3 3 4) (vector3 4 -7) (vector3 7 -3) (vector3 -7 4) (vector3 -4 -3) (vector3 -3 7) (vector3 3 -7) (vector3 4 3) (vector3 7 -4) (vector3 -8 4) (vector3 -4 -4) (vector3 -4 8) (vector3 4 -8) (vector3 4 4) (vector3 8 -4))
command-line param: uc-coefs-clad=(list 0.50697+0.0i 0.50697+0.0i 0.50697+0.0i 0.50697+0.0i 0.50697+0.0i 0.50697+0.0i -0.19634+0.0i -0.19634+0.0i -0.19634+0.0i -0.19634+0.0i -0.19634+0.0i -0.19634+0.0i -0.05811+0.0i -0.05811+0.0i -0.05811+0.0i -0.05811+0.0i -0.05811+0.0i -0.05811+0.0i 0.02525+0.0i 0.02525+0.0i 0.02525+0.0i 0.02525+0.0i 0.02525+0.0i 0.02525+0.0i 0.05912+0.0i 0.05912+0.0i 0.05912+0.0i 0.05912+0.0i 0.05912+0.0i 0.05912+0.0i 0.05372+0.0i 0.05372+0.0i 0.05372+0.0i 0.05372+0.0i 0.05372+0.0i 0.05372+0.0i 0.13212+0.0i 0.13212+0.0i 0.13212+0.0i 0.13212+0.0i 0.13212+0.0i 0.13212+0.0i -0.11027+0.0i -0.11027+0.0i -0.11027+0.0i -0.11027+0.0i -0.11027+0.0i -0.11027+0.0i -0.11868+0.0i -0.11868+0.0i -0.11868+0.0i -0.11868+0.0i -0.11868+0.0i -0.11868+0.0i -0.00039+0.0i -0.00039+0.0i -0.00039+0.0i -0.00039+0.0i -0.00039+0.0i -0.00039+0.0i -0.01639+0.0i -0.01639+0.0i -0.01639+0.0i -0.01639+0.0i -0.01639+0.0i -0.01639+0.0i 0.10432+0.0i 0.10432+0.0i 0.10432+0.0i 0.10432+0.0i 0.10432+0.0i 0.10432+0.0i -0.00766+0.0i -0.00766+0.0i -0.00766+0.0i -0.00766+0.0i -0.00766+0.0i -0.00766+0.0i -0.08201+0.0i -0.08201+0.0i -0.08201+0.0i -0.08201+0.0i -0.08201+0.0i -0.08201+0.0i -0.10269+0.0i -0.10269+0.0i -0.10269+0.0i -0.10269+0.0i -0.10269+0.0i -0.10269+0.0i 0.01801+0.0i 0.01801+0.0i 0.01801+0.0i 0.01801+0.0i 0.01801+0.0i 0.01801+0.0i -0.11+0.0i -0.11+0.0i -0.11+0.0i -0.11+0.0i -0.11+0.0i -0.11+0.0i 0.0664+0.0i 0.0664+0.0i 0.0664+0.0i 0.0664+0.0i 0.0664+0.0i 0.0664+0.0i 0.06636+0.0i 0.06636+0.0i 0.06636+0.0i 0.06636+0.0i 0.06636+0.0i 0.06636+0.0i -0.01429+0.0i -0.01429+0.0i -0.01429+0.0i -0.01429+0.0i -0.01429+0.0i -0.01429+0.0i)
command-line param: uc-level-clad=-1.204252106188986
command-line param: epsin-clad=16
command-line param: epsout-clad=1.0
command-line param: cladding=6
command-line param: supercell=16
command-line param: lowest-band=300
command-line param: highest-band=400

kvecs = (), is not an interpretable input type: ignored
init-params must be called before get-epsilon!
fields, energy dens., or epsilon must be loaded first.
init-params: initializing eigensolver data
Computing 1024 bands with 1.000000e-07 tolerance.
Working in 2 dimensions.
Grid size is 256 x 256 x 1.
Solving for 11 bands at a time.
Creating Maxwell data...
Mesh size is 3.
Lattice vectors:
     (16, 0, 0)
     (-8, 13.8564, 0)
     (0, 0, 1)
Cell volume = 221.703
Reciprocal lattice vectors (/ 2 pi):
     (0.0625, 0.0360844, -0)
     (-0, 0.0721688, -0)
     (0, -0, 1)
Geometric objects:
Geometric object tree has depth 1 and 0 object nodes (vs. 0 actual objects)
Initializing epsilon function...
Allocating fields...
1 k-points:
     (0,0,0)
Solving for band polarization: te.
Initializing fields to random numbers...
elapsed time for initialization: 2 seconds.
epsilon: 1-16, mean 5.20601, harm. mean 1.64448, 45.8359% > 1, 28.0401% "fill"
Outputting dim2-sg16-28080-res16-te-corner-epsilon...
solve_kpoint (0,0,0):
tefreqs:, k index, k1, k2, k3, kmag/2pi, te band 1, te band 2, te band 3, te band 4, te band 5, te band 6, te band 7, te band 8, te band 9, te band 10, te band 11, te band 12, te band 13, te band 14, te band 15, te band 16, te band 17, te band 18, te band 19, te band 20, te band 21, te band 22, te band 23, te band 24, te band 25, te band 26, te band 27, te band 28, te band 29, te band 30, te band 31, te band 32, te band 33, te band 34, te band 35, te band 36, te band 37, te band 38, te band 39, te band 40, te band 41, te band 42, te band 43, te band 44, te band 45, te band 46, te band 47, te band 48, te band 49, te band 50, te band 51, te band 52, te band 53, te band 54, te band 55, te band 56, te band 57, te band 58, te band 59, te band 60, te band 61, te band 62, te band 63, te band 64, te band 65, te band 66, te band 67, te band 68, te band 69, te band 70, te band 71, te band 72, te band 73, te band 74, te band 75, te band 76, te band 77, te band 78, te band 79, te band 80, te band 81, te band 82, te band 83, te band 84, te band 85, te band 86, te band 87, te band 88, te band 89, te band 90, te band 91, te band 92, te band 93, te band 94, te band 95, te band 96, te band 97, te band 98, te band 99, te band 100, te band 101, te band 102, te band 103, te band 104, te band 105, te band 106, te band 107, te band 108, te band 109, te band 110, te band 111, te band 112, te band 113, te band 114, te band 115, te band 116, te band 117, te band 118, te band 119, te band 120, te band 121, te band 122, te band 123, te band 124, te band 125, te band 126, te band 127, te band 128, te band 129, te band 130, te band 131, te band 132, te band 133, te band 134, te band 135, te band 136, te band 137, te band 138, te band 139, te band 140, te band 141, te band 142, te band 143, te band 144, te band 145, te band 146, te band 147, te band 148, te band 149, te band 150, te band 151, te band 152, te band 153, te band 154, te band 155, te band 156, te band 157, te band 158, te band 159, te band 160, te band 161, te band 162, te band 163, te band 164, te band 165, te band 166, te band 167, te band 168, te band 169, te band 170, te band 171, te band 172, te band 173, te band 174, te band 175, te band 176, te band 177, te band 178, te band 179, te band 180, te band 181, te band 182, te band 183, te band 184, te band 185, te band 186, te band 187, te band 188, te band 189, te band 190, te band 191, te band 192, te band 193, te band 194, te band 195, te band 196, te band 197, te band 198, te band 199, te band 200, te band 201, te band 202, te band 203, te band 204, te band 205, te band 206, te band 207, te band 208, te band 209, te band 210, te band 211, te band 212, te band 213, te band 214, te band 215, te band 216, te band 217, te band 218, te band 219, te band 220, te band 221, te band 222, te band 223, te band 224, te band 225, te band 226, te band 227, te band 228, te band 229, te band 230, te band 231, te band 232, te band 233, te band 234, te band 235, te band 236, te band 237, te band 238, te band 239, te band 240, te band 241, te band 242, te band 243, te band 244, te band 245, te band 246, te band 247, te band 248, te band 249, te band 250, te band 251, te band 252, te band 253, te band 254, te band 255, te band 256, te band 257, te band 258, te band 259, te band 260, te band 261, te band 262, te band 263, te band 264, te band 265, te band 266, te band 267, te band 268, te band 269, te band 270, te band 271, te band 272, te band 273, te band 274, te band 275, te band 276, te band 277, te band 278, te band 279, te band 280, te band 281, te band 282, te band 283, te band 284, te band 285, te band 286, te band 287, te band 288, te band 289, te band 290, te band 291, te band 292, te band 293, te band 294, te band 295, te band 296, te band 297, te band 298, te band 299, te band 300, te band 301, te band 302, te band 303, te band 304, te band 305, te band 306, te band 307, te band 308, te band 309, te band 310, te band 311, te band 312, te band 313, te band 314, te band 315, te band 316, te band 317, te band 318, te band 319, te band 320, te band 321, te band 322, te band 323, te band 324, te band 325, te band 326, te band 327, te band 328, te band 329, te band 330, te band 331, te band 332, te band 333, te band 334, te band 335, te band 336, te band 337, te band 338, te band 339, te band 340, te band 341, te band 342, te band 343, te band 344, te band 345, te band 346, te band 347, te band 348, te band 349, te band 350, te band 351, te band 352, te band 353, te band 354, te band 355, te band 356, te band 357, te band 358, te band 359, te band 360, te band 361, te band 362, te band 363, te band 364, te band 365, te band 366, te band 367, te band 368, te band 369, te band 370, te band 371, te band 372, te band 373, te band 374, te band 375, te band 376, te band 377, te band 378, te band 379, te band 380, te band 381, te band 382, te band 383, te band 384, te band 385, te band 386, te band 387, te band 388, te band 389, te band 390, te band 391, te band 392, te band 393, te band 394, te band 395, te band 396, te band 397, te band 398, te band 399, te band 400, te band 401, te band 402, te band 403, te band 404, te band 405, te band 406, te band 407, te band 408, te band 409, te band 410, te band 411, te band 412, te band 413, te band 414, te band 415, te band 416, te band 417, te band 418, te band 419, te band 420, te band 421, te band 422, te band 423, te band 424, te band 425, te band 426, te band 427, te band 428, te band 429, te band 430, te band 431, te band 432, te band 433, te band 434, te band 435, te band 436, te band 437, te band 438, te band 439, te band 440, te band 441, te band 442, te band 443, te band 444, te band 445, te band 446, te band 447, te band 448, te band 449, te band 450, te band 451, te band 452, te band 453, te band 454, te band 455, te band 456, te band 457, te band 458, te band 459, te band 460, te band 461, te band 462, te band 463, te band 464, te band 465, te band 466, te band 467, te band 468, te band 469, te band 470, te band 471, te band 472, te band 473, te band 474, te band 475, te band 476, te band 477, te band 478, te band 479, te band 480, te band 481, te band 482, te band 483, te band 484, te band 485, te band 486, te band 487, te band 488, te band 489, te band 490, te band 491, te band 492, te band 493, te band 494, te band 495, te band 496, te band 497, te band 498, te band 499, te band 500, te band 501, te band 502, te band 503, te band 504, te band 505, te band 506, te band 507, te band 508, te band 509, te band 510, te band 511, te band 512, te band 513, te band 514, te band 515, te band 516, te band 517, te band 518, te band 519, te band 520, te band 521, te band 522, te band 523, te band 524, te band 525, te band 526, te band 527, te band 528, te band 529, te band 530, te band 531, te band 532, te band 533, te band 534, te band 535, te band 536, te band 537, te band 538, te band 539, te band 540, te band 541, te band 542, te band 543, te band 544, te band 545, te band 546, te band 547, te band 548, te band 549, te band 550, te band 551, te band 552, te band 553, te band 554, te band 555, te band 556, te band 557, te band 558, te band 559, te band 560, te band 561, te band 562, te band 563, te band 564, te band 565, te band 566, te band 567, te band 568, te band 569, te band 570, te band 571, te band 572, te band 573, te band 574, te band 575, te band 576, te band 577, te band 578, te band 579, te band 580, te band 581, te band 582, te band 583, te band 584, te band 585, te band 586, te band 587, te band 588, te band 589, te band 590, te band 591, te band 592, te band 593, te band 594, te band 595, te band 596, te band 597, te band 598, te band 599, te band 600, te band 601, te band 602, te band 603, te band 604, te band 605, te band 606, te band 607, te band 608, te band 609, te band 610, te band 611, te band 612, te band 613, te band 614, te band 615, te band 616, te band 617, te band 618, te band 619, te band 620, te band 621, te band 622, te band 623, te band 624, te band 625, te band 626, te band 627, te band 628, te band 629, te band 630, te band 631, te band 632, te band 633, te band 634, te band 635, te band 636, te band 637, te band 638, te band 639, te band 640, te band 641, te band 642, te band 643, te band 644, te band 645, te band 646, te band 647, te band 648, te band 649, te band 650, te band 651, te band 652, te band 653, te band 654, te band 655, te band 656, te band 657, te band 658, te band 659, te band 660, te band 661, te band 662, te band 663, te band 664, te band 665, te band 666, te band 667, te band 668, te band 669, te band 670, te band 671, te band 672, te band 673, te band 674, te band 675, te band 676, te band 677, te band 678, te band 679, te band 680, te band 681, te band 682, te band 683, te band 684, te band 685, te band 686, te band 687, te band 688, te band 689, te band 690, te band 691, te band 692, te band 693, te band 694, te band 695, te band 696, te band 697, te band 698, te band 699, te band 700, te band 701, te band 702, te band 703, te band 704, te band 705, te band 706, te band 707, te band 708, te band 709, te band 710, te band 711, te band 712, te band 713, te band 714, te band 715, te band 716, te band 717, te band 718, te band 719, te band 720, te band 721, te band 722, te band 723, te band 724, te band 725, te band 726, te band 727, te band 728, te band 729, te band 730, te band 731, te band 732, te band 733, te band 734, te band 735, te band 736, te band 737, te band 738, te band 739, te band 740, te band 741, te band 742, te band 743, te band 744, te band 745, te band 746, te band 747, te band 748, te band 749, te band 750, te band 751, te band 752, te band 753, te band 754, te band 755, te band 756, te band 757, te band 758, te band 759, te band 760, te band 761, te band 762, te band 763, te band 764, te band 765, te band 766, te band 767, te band 768, te band 769, te band 770, te band 771, te band 772, te band 773, te band 774, te band 775, te band 776, te band 777, te band 778, te band 779, te band 780, te band 781, te band 782, te band 783, te band 784, te band 785, te band 786, te band 787, te band 788, te band 789, te band 790, te band 791, te band 792, te band 793, te band 794, te band 795, te band 796, te band 797, te band 798, te band 799, te band 800, te band 801, te band 802, te band 803, te band 804, te band 805, te band 806, te band 807, te band 808, te band 809, te band 810, te band 811, te band 812, te band 813, te band 814, te band 815, te band 816, te band 817, te band 818, te band 819, te band 820, te band 821, te band 822, te band 823, te band 824, te band 825, te band 826, te band 827, te band 828, te band 829, te band 830, te band 831, te band 832, te band 833, te band 834, te band 835, te band 836, te band 837, te band 838, te band 839, te band 840, te band 841, te band 842, te band 843, te band 844, te band 845, te band 846, te band 847, te band 848, te band 849, te band 850, te band 851, te band 852, te band 853, te band 854, te band 855, te band 856, te band 857, te band 858, te band 859, te band 860, te band 861, te band 862, te band 863, te band 864, te band 865, te band 866, te band 867, te band 868, te band 869, te band 870, te band 871, te band 872, te band 873, te band 874, te band 875, te band 876, te band 877, te band 878, te band 879, te band 880, te band 881, te band 882, te band 883, te band 884, te band 885, te band 886, te band 887, te band 888, te band 889, te band 890, te band 891, te band 892, te band 893, te band 894, te band 895, te band 896, te band 897, te band 898, te band 899, te band 900, te band 901, te band 902, te band 903, te band 904, te band 905, te band 906, te band 907, te band 908, te band 909, te band 910, te band 911, te band 912, te band 913, te band 914, te band 915, te band 916, te band 917, te band 918, te band 919, te band 920, te band 921, te band 922, te band 923, te band 924, te band 925, te band 926, te band 927, te band 928, te band 929, te band 930, te band 931, te band 932, te band 933, te band 934, te band 935, te band 936, te band 937, te band 938, te band 939, te band 940, te band 941, te band 942, te band 943, te band 944, te band 945, te band 946, te band 947, te band 948, te band 949, te band 950, te band 951, te band 952, te band 953, te band 954, te band 955, te band 956, te band 957, te band 958, te band 959, te band 960, te band 961, te band 962, te band 963, te band 964, te band 965, te band 966, te band 967, te band 968, te band 969, te band 970, te band 971, te band 972, te band 973, te band 974, te band 975, te band 976, te band 977, te band 978, te band 979, te band 980, te band 981, te band 982, te band 983, te band 984, te band 985, te band 986, te band 987, te band 988, te band 989, te band 990, te band 991, te band 992, te band 993, te band 994, te band 995, te band 996, te band 997, te band 998, te band 999, te band 1000, te band 1001, te band 1002, te band 1003, te band 1004, te band 1005, te band 1006, te band 1007, te band 1008, te band 1009, te band 1010, te band 1011, te band 1012, te band 1013, te band 1014, te band 1015, te band 1016, te band 1017, te band 1018, te band 1019, te band 1020, te band 1021, te band 1022, te band 1023, te band 1024
Solving for bands 2 to 12...
Finished solving for bands 2 to 12 after 40 iterations.
Solving for bands 13 to 23...
Finished solving for bands 13 to 23 after 67 iterations.
Solving for bands 24 to 34...
Finished solving for bands 24 to 34 after 52 iterations.
Solving for bands 35 to 45...
Finished solving for bands 35 to 45 after 76 iterations.
Solving for bands 46 to 56...
Finished solving for bands 46 to 56 after 66 iterations.
Solving for bands 57 to 67...
Finished solving for bands 57 to 67 after 45 iterations.
Solving for bands 68 to 78...
    iteration   63: trace = 0.347054121623029 (3.51768e-05% change)
Finished solving for bands 68 to 78 after 70 iterations.
Solving for bands 79 to 89...
    iteration   78: trace = 0.3883422291484864 (0.000280484% change)
Finished solving for bands 79 to 89 after 143 iterations.
Solving for bands 90 to 100...
Finished solving for bands 90 to 100 after 83 iterations.
Solving for bands 101 to 111...
    iteration   75: trace = 0.4837159148449458 (8.56677e-05% change)
Finished solving for bands 101 to 111 after 123 iterations.
Solving for bands 112 to 122...
Finished solving for bands 112 to 122 after 70 iterations.
Solving for bands 123 to 133...
Finished solving for bands 123 to 133 after 61 iterations.
Solving for bands 134 to 144...
    iteration   85: trace = 0.6108607524991188 (0.000349863% change)
Finished solving for bands 134 to 144 after 123 iterations.
Solving for bands 145 to 155...
    iteration   73: trace = 0.6354271578213402 (5.26935e-05% change)
Finished solving for bands 145 to 155 after 91 iterations.
Solving for bands 156 to 166...
    iteration   78: trace = 0.6688690183664059 (1.20566e-05% change)
Finished solving for bands 156 to 166 after 79 iterations.
Solving for bands 167 to 177...
    iteration   81: trace = 0.7002897217608606 (0.000130605% change)
Finished solving for bands 167 to 177 after 115 iterations.
Solving for bands 178 to 188...
    iteration   80: trace = 0.7366320746092583 (0.000244605% change)
    iteration  163: trace = 0.7365681482824442 (1.3203e-05% change)
Finished solving for bands 178 to 188 after 166 iterations.
Solving for bands 189 to 199...
    iteration   74: trace = 0.7528155805188596 (0.0010046% change)
Finished solving for bands 189 to 199 after 127 iterations.
Solving for bands 200 to 210...
    iteration   74: trace = 0.7632214970357667 (0.000686468% change)
Finished solving for bands 200 to 210 after 128 iterations.
Solving for bands 211 to 221...
    iteration   80: trace = 0.784858789096237 (5.46982e-05% change)
    iteration  160: trace = 0.7848083175568485 (2.56114e-05% change)
Finished solving for bands 211 to 221 after 170 iterations.
Solving for bands 222 to 232...
    iteration   78: trace = 0.8201116818939722 (0.000265877% change)
Finished solving for bands 222 to 232 after 120 iterations.
Solving for bands 233 to 243...
    iteration   74: trace = 0.8423354055130041 (2.04226e-05% change)
Finished solving for bands 233 to 243 after 124 iterations.
Solving for bands 244 to 254...
    iteration   76: trace = 0.8839760562427577 (0.000185788% change)
    iteration  147: trace = 0.8839181175248273 (7.24321e-05% change)
Finished solving for bands 244 to 254 after 210 iterations.
Solving for bands 255 to 265...
Finished solving for bands 255 to 265 after 70 iterations.
Solving for bands 266 to 276...
Finished solving for bands 266 to 276 after 56 iterations.
Solving for bands 277 to 287...
    iteration   71: trace = 1.26448801024997 (0.000118169% change)
Finished solving for bands 277 to 287 after 82 iterations.
Solving for bands 288 to 298...
Finished solving for bands 288 to 298 after 61 iterations.
Solving for bands 299 to 309...
    iteration   74: trace = 1.487123345349979 (2.22208e-05% change)
Finished solving for bands 299 to 309 after 119 iterations.
Solving for bands 310 to 320...
    iteration   73: trace = 1.751706607883512 (0.000119997% change)
Finished solving for bands 310 to 320 after 92 iterations.
Solving for bands 321 to 331...
Finished solving for bands 321 to 331 after 47 iterations.
Solving for bands 332 to 342...
    iteration   66: trace = 2.603524545509567 (0.000788271% change)
Finished solving for bands 332 to 342 after 129 iterations.
Solving for bands 343 to 353...
    iteration   68: trace = 2.703956026021078 (0.000297572% change)
    iteration  140: trace = 2.703760228216204 (6.02661e-06% change)
Finished solving for bands 343 to 353 after 140 iterations.
Solving for bands 354 to 364...
    iteration   67: trace = 2.752257624661484 (0.000142572% change)
Finished solving for bands 354 to 364 after 86 iterations.
Solving for bands 365 to 375...
    iteration   56: trace = 2.800714419719699 (0.000454382% change)
    iteration  126: trace = 2.80029901420656 (0.000116032% change)
Finished solving for bands 365 to 375 after 169 iterations.
Solving for bands 376 to 386...
    iteration   70: trace = 2.841630508494134 (2.32265e-05% change)
Finished solving for bands 376 to 386 after 94 iterations.
Solving for bands 387 to 397...
    iteration   69: trace = 2.891694509298897 (0.000691769% change)
Finished solving for bands 387 to 397 after 130 iterations.
Solving for bands 398 to 408...
    iteration   68: trace = 2.927848011125512 (0.000510112% change)
    iteration  137: trace = 2.927393439184997 (1.63079e-05% change)
Finished solving for bands 398 to 408 after 140 iterations.
Solving for bands 409 to 419...
    iteration   63: trace = 2.963416247347052 (0.000216918% change)
Finished solving for bands 409 to 419 after 100 iterations.
Solving for bands 420 to 430...
    iteration   67: trace = 3.010789291840649 (0.000369841% change)
Finished solving for bands 420 to 430 after 105 iterations.
Solving for bands 431 to 441...
    iteration   66: trace = 3.071786605098387 (0.00035582% change)
Finished solving for bands 431 to 441 after 90 iterations.
Solving for bands 442 to 452...
    iteration   66: trace = 3.141146715495059 (0.00109033% change)
    iteration  133: trace = 3.140644268228257 (0.000173024% change)
Finished solving for bands 442 to 452 after 153 iterations.
Solving for bands 453 to 463...
    iteration   65: trace = 3.202029698946795 (0.00105997% change)
Finished solving for bands 453 to 463 after 102 iterations.
Solving for bands 464 to 474...
    iteration   65: trace = 3.280816150626339 (0.00038567% change)
Finished solving for bands 464 to 474 after 89 iterations.
Solving for bands 475 to 485...
    iteration   66: trace = 3.354844356632233 (0.000568222% change)
Finished solving for bands 475 to 485 after 106 iterations.
Solving for bands 486 to 496...
    iteration   58: trace = 3.408044390393869 (0.00102952% change)
Finished solving for bands 486 to 496 after 109 iterations.
Solving for bands 497 to 507...
    iteration   64: trace = 3.477874827883605 (0.000428381% change)
Finished solving for bands 497 to 507 after 121 iterations.
Solving for bands 508 to 518...
    iteration   63: trace = 3.565866058968026 (0.00124674% change)
Finished solving for bands 508 to 518 after 108 iterations.
Solving for bands 519 to 529...
    iteration   63: trace = 3.629620561104639 (0.000312544% change)
Finished solving for bands 519 to 529 after 104 iterations.
Solving for bands 530 to 540...
    iteration   63: trace = 3.682956230237326 (0.000663081% change)
    iteration  126: trace = 3.682660346803216 (2.55295e-05% change)
Finished solving for bands 530 to 540 after 139 iterations.
Solving for bands 541 to 551...
    iteration   63: trace = 3.737314320086026 (0.000208427% change)
    iteration  125: trace = 3.73721622785449 (2.8317e-05% change)
Finished solving for bands 541 to 551 after 134 iterations.
Solving for bands 552 to 562...
    iteration   59: trace = 3.810804287170699 (9.86448e-05% change)
Finished solving for bands 552 to 562 after 70 iterations.
Solving for bands 563 to 573...
    iteration   62: trace = 3.900104593659357 (0.000839897% change)
    iteration  120: trace = 3.899642824790515 (3.09104e-05% change)
Finished solving for bands 563 to 573 after 140 iterations.
Solving for bands 574 to 584...
    iteration   59: trace = 3.951081472487375 (0.000470713% change)
    iteration  117: trace = 3.950670476311178 (8.28849e-05% change)
Finished solving for bands 574 to 584 after 140 iterations.
Solving for bands 585 to 595...
    iteration   59: trace = 3.992744809943424 (0.00099416% change)
Finished solving for bands 585 to 595 after 107 iterations.
Solving for bands 596 to 606...
    iteration   60: trace = 4.047727140692291 (0.00156802% change)
    iteration  119: trace = 4.046888277009179 (4.39672e-05% change)
Finished solving for bands 596 to 606 after 134 iterations.
Solving for bands 607 to 617...
    iteration   59: trace = 4.10839790411078 (0.000494562% change)
    iteration  119: trace = 4.108166802010217 (3.48372e-05% change)
Finished solving for bands 607 to 617 after 136 iterations.
Solving for bands 618 to 628...
    iteration   60: trace = 4.180345508927453 (0.000657155% change)
    iteration  121: trace = 4.179835163334208 (3.10889e-05% change)
Finished solving for bands 618 to 628 after 140 iterations.
Solving for bands 629 to 639...
    iteration   60: trace = 4.225676641270336 (0.000842908% change)
    iteration  120: trace = 4.225132950823797 (1.71977e-05% change)
Finished solving for bands 629 to 639 after 126 iterations.
Solving for bands 640 to 650...
    iteration   59: trace = 4.271584652223877 (0.00100001% change)
    iteration  119: trace = 4.270517983190869 (7.48696e-05% change)
Finished solving for bands 640 to 650 after 142 iterations.
Solving for bands 651 to 661...
    iteration   58: trace = 4.307847657874182 (0.00203155% change)
    iteration  117: trace = 4.30654923184777 (4.22766e-05% change)
Finished solving for bands 651 to 661 after 140 iterations.
Solving for bands 662 to 672...
    iteration   58: trace = 4.345280528319416 (0.00136654% change)
Finished solving for bands 662 to 672 after 115 iterations.
Solving for bands 673 to 683...
    iteration   58: trace = 4.380112138666042 (0.00181528% change)
    iteration  116: trace = 4.379161283437744 (4.3318e-05% change)
    iteration  174: trace = 4.379072550130493 (5.63345e-05% change)
Finished solving for bands 673 to 683 after 210 iterations.
Solving for bands 684 to 694...
    iteration   56: trace = 4.41901123623638 (0.00110523% change)
    iteration  113: trace = 4.417958503295953 (4.82024e-05% change)
Finished solving for bands 684 to 694 after 142 iterations.
Solving for bands 695 to 705...
    iteration   55: trace = 4.466776188562396 (0.00102978% change)
    iteration  106: trace = 4.466190367932541 (3.74506e-05% change)
Finished solving for bands 695 to 705 after 140 iterations.
Solving for bands 706 to 716...
    iteration   57: trace = 4.516430208148645 (0.00114427% change)
    iteration  115: trace = 4.515660734863074 (3.06782e-05% change)
Finished solving for bands 706 to 716 after 133 iterations.
Solving for bands 717 to 727...
    iteration   56: trace = 4.563143845513541 (0.00221362% change)
    iteration  113: trace = 4.561512101012012 (6.57399e-05% change)
Finished solving for bands 717 to 727 after 140 iterations.
Solving for bands 728 to 738...
    iteration   56: trace = 4.605704622358738 (0.00170047% change)
    iteration  113: trace = 4.604626033733683 (2.74446e-05% change)
Finished solving for bands 728 to 738 after 134 iterations.
Solving for bands 739 to 749...
    iteration   52: trace = 4.657493614291655 (0.00205304% change)
    iteration  108: trace = 4.65648005198153 (3.43989e-05% change)
Finished solving for bands 739 to 749 after 122 iterations.
Solving for bands 750 to 760...
    iteration   55: trace = 4.722148612200609 (0.002393% change)
    iteration  111: trace = 4.720703810428359 (3.23566e-05% change)
Finished solving for bands 750 to 760 after 122 iterations.
Solving for bands 761 to 771...
    iteration   55: trace = 4.766096008740849 (0.00149585% change)
    iteration  110: trace = 4.764596199183307 (0.000241792% change)
    iteration  163: trace = 4.764406868321632 (1.71003e-05% change)
Finished solving for bands 761 to 771 after 177 iterations.
Solving for bands 772 to 782...
    iteration   53: trace = 4.821140703848002 (0.00130394% change)
    iteration  107: trace = 4.820323942648002 (5.05396e-05% change)
Finished solving for bands 772 to 782 after 145 iterations.
Solving for bands 783 to 793...
    iteration   45: trace = 4.88806631249773 (0.00247514% change)
    iteration  100: trace = 4.886461336458519 (0.000138193% change)
Finished solving for bands 783 to 793 after 139 iterations.
Solving for bands 794 to 804...
    iteration   53: trace = 4.957016323456868 (0.00298444% change)
    iteration  105: trace = 4.95562957208569 (2.87662e-05% change)
Finished solving for bands 794 to 804 after 115 iterations.
Solving for bands 805 to 815...
    iteration   53: trace = 5.031843221784351 (0.000687454% change)
Finished solving for bands 805 to 815 after 101 iterations.
Solving for bands 816 to 826...
    iteration   54: trace = 5.171710908550562 (3.26647e-05% change)
Finished solving for bands 816 to 826 after 59 iterations.
Solving for bands 827 to 837...
    iteration   53: trace = 5.411018770394276 (0.00241136% change)
Finished solving for bands 827 to 837 after 84 iterations.
Solving for bands 838 to 848...
    iteration   52: trace = 5.574683369832942 (0.00124499% change)
    iteration  105: trace = 5.574101759779724 (1.94479e-05% change)
Finished solving for bands 838 to 848 after 110 iterations.
Solving for bands 849 to 859...
    iteration   52: trace = 5.735634638407784 (0.00314226% change)
    iteration  104: trace = 5.733404661405287 (3.06745e-05% change)
Finished solving for bands 849 to 859 after 115 iterations.
Solving for bands 860 to 870...
    iteration   52: trace = 5.828587702571858 (0.0033502% change)
    iteration  104: trace = 5.82558032767072 (0.000161928% change)
    iteration  157: trace = 5.82537456623725 (2.87534e-05% change)
Finished solving for bands 860 to 870 after 197 iterations.
Solving for bands 871 to 881...
    iteration   52: trace = 5.878030829263412 (0.00424611% change)
    iteration  104: trace = 5.875937666792257 (5.92908e-05% change)
Finished solving for bands 871 to 881 after 122 iterations.
Solving for bands 882 to 892...
    iteration   52: trace = 5.9296921003477 (0.00198188% change)
    iteration  104: trace = 5.927413322411165 (0.00010811% change)
Finished solving for bands 882 to 892 after 140 iterations.
Solving for bands 893 to 903...
    iteration   51: trace = 5.971476210283953 (0.0023127% change)
    iteration  100: trace = 5.969130280009002 (0.00022505% change)
    iteration  151: trace = 5.968700272793092 (8.31875e-05% change)
Finished solving for bands 893 to 903 after 188 iterations.
Solving for bands 904 to 914...
    iteration   51: trace = 6.020203286821516 (0.00228907% change)
    iteration  102: trace = 6.018151668643977 (0.000144318% change)
Finished solving for bands 904 to 914 after 140 iterations.
Solving for bands 915 to 925...
    iteration   47: trace = 6.061649333308248 (0.00539709% change)
    iteration   97: trace = 6.057762666548799 (0.000212306% change)
Finished solving for bands 915 to 925 after 140 iterations.
Solving for bands 926 to 936...
    iteration   49: trace = 6.110551747987984 (0.00359295% change)
    iteration   95: trace = 6.108016717019476 (0.000236727% change)
    iteration  144: trace = 6.107742470058777 (1.46793e-05% change)
Finished solving for bands 926 to 936 after 161 iterations.
Solving for bands 937 to 947...
    iteration   50: trace = 6.158646423116069 (0.00476181% change)
    iteration  100: trace = 6.154971254966139 (0.000134394% change)
    iteration  150: trace = 6.154844052297387 (1.1812e-05% change)
Finished solving for bands 937 to 947 after 160 iterations.
Solving for bands 948 to 958...
    iteration   50: trace = 6.199925133094588 (0.00374148% change)
    iteration  100: trace = 6.196573106374196 (0.000202082% change)
Finished solving for bands 948 to 958 after 145 iterations.
Solving for bands 959 to 969...
    iteration   46: trace = 6.231380915078144 (0.00548456% change)
    iteration   93: trace = 6.227139906610534 (0.00017649% change)
    iteration  138: trace = 6.226887637197506 (6.89751e-05% change)
    iteration  188: trace = 6.226795099742728 (2.40288e-05% change)
Finished solving for bands 959 to 969 after 206 iterations.
Solving for bands 970 to 980...
    iteration   44: trace = 6.261252162200337 (0.00539027% change)
    iteration   94: trace = 6.25769492142145 (0.000342761% change)
    iteration  144: trace = 6.257273051659086 (2.36946e-05% change)
Finished solving for bands 970 to 980 after 176 iterations.
Solving for bands 981 to 991...
    iteration   49: trace = 6.293451720995684 (0.00392142% change)
    iteration   99: trace = 6.290223643156575 (0.000173493% change)
    iteration  149: trace = 6.290032906331024 (2.41799e-05% change)
    iteration  199: trace = 6.289845808684682 (7.31466e-05% change)
    iteration  248: trace = 6.289746538376667 (1.14192e-05% change)
Finished solving for bands 981 to 991 after 251 iterations.
Solving for bands 992 to 1002...
    iteration   49: trace = 6.329030722421365 (0.00483363% change)
    iteration   98: trace = 6.324292955712279 (0.000299414% change)
Finished solving for bands 992 to 1002 after 140 iterations.
Solving for bands 1003 to 1013...
    iteration   49: trace = 6.366589691255783 (0.00402336% change)
    iteration   98: trace = 6.362162890035038 (0.00070621% change)
    iteration  147: trace = 6.361512440494938 (1.70284e-05% change)
Finished solving for bands 1003 to 1013 after 158 iterations.
Solving for bands 1014 to 1024...
    iteration   48: trace = 6.403202279552085 (0.00474269% change)
    iteration   97: trace = 6.399781472404176 (0.000251399% change)
    iteration  146: trace = 6.399488503331789 (2.46424e-05% change)
    iteration  195: trace = 6.399364265559681 (4.19544e-05% change)
Finished solving for bands 1014 to 1024 after 241 iterations.
Finished k-point with 122.106 mean iterations/band.
tefreqs:, 1, 0, 0, 0, 0, 0, 0.0399187, 0.0399883, 0.040116, 0.0415268, 0.0416163, 0.042112, 0.0671896, 0.0696759, 0.0698218, 0.070925, 0.0710685, 0.071764, 0.0807192, 0.0811764, 0.0813798, 0.0818099, 0.0819804, 0.0827807, 0.101499, 0.101754, 0.103458, 0.104445, 0.104596, 0.105495, 0.108623, 0.109678, 0.109721, 0.110361, 0.110597, 0.110598, 0.120838, 0.120974, 0.121091, 0.121348, 0.121498, 0.121729, 0.134608, 0.134867, 0.13533, 0.135654, 0.136838, 0.137144, 0.141308, 0.143366, 0.143508, 0.145303, 0.1455, 0.145531, 0.146887, 0.14693, 0.147225, 0.147996, 0.148243, 0.148713, 0.158306, 0.158952, 0.159321, 0.159448, 0.159637, 0.159767, 0.16529, 0.166934, 0.167292, 0.167304, 0.167667, 0.169355, 0.174142, 0.174649, 0.175062, 0.175709, 0.175962, 0.177455, 0.179722, 0.179965, 0.180107, 0.180411, 0.180496, 0.181558, 0.183844, 0.184164, 0.18432, 0.184417, 0.184732, 0.184825, 0.194171, 0.194476, 0.194497, 0.194829, 0.195039, 0.195601, 0.196161, 0.196519, 0.196818, 0.197853, 0.19811, 0.198431, 0.205482, 0.205691, 0.206643, 0.206886, 0.207214, 0.20796, 0.208634, 0.209543, 0.20965, 0.209835, 0.21013, 0.210167, 0.212646, 0.213902, 0.21405, 0.214354, 0.214713, 0.214962, 0.217296, 0.217746, 0.217979, 0.218313, 0.218566, 0.218584, 0.223517, 0.223968, 0.22471, 0.225416, 0.22581, 0.225836, 0.226011, 0.227282, 0.227535, 0.22784, 0.228082, 0.228184, 0.229987, 0.232648, 0.232933, 0.234739, 0.235075, 0.237365, 0.237618, 0.237853, 0.237897, 0.237918, 0.237946, 0.238269, 0.238421, 0.238432, 0.238729, 0.239281, 0.239544, 0.240083, 0.242254, 0.242559, 0.243053, 0.24309, 0.243779, 0.244213, 0.24547, 0.245927, 0.245994, 0.246102, 0.246314, 0.246976, 0.248733, 0.249024, 0.249875, 0.249827, 0.250856, 0.251073, 0.251389, 0.251629, 0.252641, 0.252904, 0.252924, 0.253018, 0.25423, 0.254834, 0.255049, 0.257171, 0.257306, 0.258257, 0.258587, 0.258856, 0.259069, 0.260117, 0.260326, 0.260818, 0.260828, 0.260932, 0.260982, 0.26125, 0.261286, 0.261452, 0.2616, 0.261663, 0.26171, 0.261952, 0.261984, 0.262655, 0.262651, 0.263027, 0.263242, 0.263277, 0.263335, 0.263341, 0.263462, 0.263605, 0.263743, 0.263771, 0.263845, 0.26414, 0.264392, 0.264529, 0.264986, 0.266309, 0.268299, 0.268427, 0.268547, 0.268654, 0.269204, 0.27059, 0.270703, 0.271046, 0.271808, 0.272005, 0.272132, 0.273444, 0.273955, 0.274244, 0.274444, 0.274805, 0.274824, 0.275171, 0.276016, 0.276044, 0.276324, 0.276478, 0.276784, 0.276913, 0.277067, 0.277339, 0.277433, 0.278351, 0.278446, 0.280599, 0.282207, 0.282329, 0.283266, 0.284402, 0.284504, 0.28471, 0.28572, 0.285787, 0.286083, 0.286185, 0.286541, 0.286942, 0.288851, 0.291173, 0.295614, 0.296022, 0.296445, 0.301818, 0.305365, 0.305596, 0.308511, 0.30854, 0.30971, 0.314706, 0.315, 0.31698, 0.323096, 0.323674, 0.325713, 0.326249, 0.327763, 0.331045, 0.33149, 0.336584, 0.336863, 0.338078, 0.338988, 0.341077, 0.341235, 0.341453, 0.342897, 0.349408, 0.350145, 0.353313, 0.353488, 0.353813, 0.354436, 0.354492, 0.356561, 0.357147, 0.357692, 0.358177, 0.358854, 0.362309, 0.362353, 0.364507, 0.364936, 0.365023, 0.365651, 0.369393, 0.369664, 0.372954, 0.373007, 0.374332, 0.374536, 0.380749, 0.381165, 0.383615, 0.383987, 0.390395, 0.392107, 0.423354, 0.423502, 0.424802, 0.425857, 0.426472, 0.426747, 0.43555, 0.435901, 0.437381, 0.438053, 0.43889, 0.439827, 0.46543, 0.466739, 0.469325, 0.47411, 0.474603, 0.480443, 0.485179, 0.488142, 0.489975, 0.490895, 0.490959, 0.491626, 0.492292, 0.492552, 0.492789, 0.494117, 0.494499, 0.495134, 0.49544, 0.49584, 0.496121, 0.496974, 0.497067, 0.497725, 0.497833, 0.497999, 0.498148, 0.498691, 0.499481, 0.499983, 0.500648, 0.501028, 0.501054, 0.501466, 0.501569, 0.502147, 0.502638, 0.503408, 0.503627, 0.503718, 0.504246, 0.504429, 0.504485, 0.504826, 0.505727, 0.506354, 0.506551, 0.506736, 0.506848, 0.506858, 0.507254, 0.507961, 0.508087, 0.508378, 0.508706, 0.509488, 0.509981, 0.51055, 0.511096, 0.511108, 0.511738, 0.511926, 0.512296, 0.512525, 0.513269, 0.513552, 0.513869, 0.513922, 0.514364, 0.514618, 0.514819, 0.514999, 0.515023, 0.515265, 0.51593, 0.51612, 0.516631, 0.516954, 0.51698, 0.517275, 0.517662, 0.518066, 0.518426, 0.518711, 0.518847, 0.519139, 0.519199, 0.519361, 0.519744, 0.519885, 0.52033, 0.52083, 0.521289, 0.522347, 0.522555, 0.522644, 0.523456, 0.523583, 0.523648, 0.52444, 0.524796, 0.525154, 0.525806, 0.526732, 0.527067, 0.527163, 0.527865, 0.528135, 0.528735, 0.529299, 0.530198, 0.530452, 0.531352, 0.531355, 0.532457, 0.532675, 0.533174, 0.533789, 0.534041, 0.534493, 0.535971, 0.536126, 0.536576, 0.536956, 0.537186, 0.538027, 0.538105, 0.538377, 0.538584, 0.539406, 0.539784, 0.540121, 0.541338, 0.541536, 0.542057, 0.543106, 0.543168, 0.543561, 0.543938, 0.545483, 0.546075, 0.546992, 0.547852, 0.548002, 0.548967, 0.550144, 0.550139, 0.550335, 0.551055, 0.55173, 0.551861, 0.55198, 0.552428, 0.553196, 0.553519, 0.554005, 0.554408, 0.554393, 0.555427, 0.555615, 0.555653, 0.555915, 0.556628, 0.556706, 0.557238, 0.55807, 0.558142, 0.558664, 0.558717, 0.559591, 0.560165, 0.560819, 0.561994, 0.562047, 0.562208, 0.563491, 0.564346, 0.565043, 0.566267, 0.566782, 0.567347, 0.567562, 0.568436, 0.568856, 0.568992, 0.569689, 0.570786, 0.570826, 0.571488, 0.571718, 0.572432, 0.572633, 0.573182, 0.573447, 0.573879, 0.573904, 0.575141, 0.575503, 0.575547, 0.57612, 0.576778, 0.57715, 0.577216, 0.577446, 0.577855, 0.578257, 0.578635, 0.578757, 0.579435, 0.579487, 0.580167, 0.580267, 0.580503, 0.580891, 0.581108, 0.581154, 0.582776, 0.582828, 0.58306, 0.583662, 0.584809, 0.585058, 0.585777, 0.585916, 0.587033, 0.587722, 0.58793, 0.588054, 0.58851, 0.589259, 0.589392, 0.589855, 0.589965, 0.59081, 0.592857, 0.593688, 0.593721, 0.594363, 0.59529, 0.595547, 0.596072, 0.596375, 0.597023, 0.597092, 0.597445, 0.597639, 0.598378, 0.598455, 0.598701, 0.599167, 0.599186, 0.599322, 0.599707, 0.600245, 0.600562, 0.60082, 0.601077, 0.601146, 0.601168, 0.601473, 0.602165, 0.602698, 0.60282, 0.603131, 0.60352, 0.603755, 0.603872, 0.604477, 0.60475, 0.605223, 0.605922, 0.606221, 0.606399, 0.606748, 0.607325, 0.608036, 0.608287, 0.608597, 0.609038, 0.60937, 0.609631, 0.610002, 0.610253, 0.61119, 0.611421, 0.612213, 0.612873, 0.613071, 0.613245, 0.613287, 0.615035, 0.615403, 0.615812, 0.616343, 0.616417, 0.617301, 0.617523, 0.617634, 0.617956, 0.617982, 0.6181, 0.61835, 0.618833, 0.619143, 0.619497, 0.619661, 0.619831, 0.620236, 0.620775, 0.621168, 0.621757, 0.621771, 0.62223, 0.622539, 0.622569, 0.622757, 0.622962, 0.623282, 0.623493, 0.623882, 0.624062, 0.624301, 0.6246, 0.624906, 0.62497, 0.625074, 0.625356, 0.625493, 0.626069, 0.626079, 0.626372, 0.626621, 0.627171, 0.627109, 0.627276, 0.627731, 0.627967, 0.62819, 0.628608, 0.628898, 0.629, 0.629179, 0.62929, 0.62993, 0.629894, 0.630049, 0.630243, 0.630396, 0.630563, 0.63091, 0.631003, 0.631467, 0.6316, 0.632022, 0.632223, 0.63236, 0.632644, 0.633277, 0.633307, 0.633462, 0.633558, 0.633753, 0.634186, 0.63427, 0.634831, 0.635497, 0.635671, 0.635758, 0.636141, 0.636485, 0.636736, 0.63702, 0.637437, 0.638168, 0.638254, 0.638503, 0.638936, 0.638923, 0.639009, 0.63962, 0.639852, 0.640753, 0.640802, 0.641152, 0.641339, 0.641981, 0.642102, 0.6423, 0.642618, 0.642736, 0.643031, 0.643262, 0.643373, 0.644034, 0.644143, 0.644545, 0.644923, 0.645272, 0.645571, 0.645581, 0.645634, 0.645944, 0.646042, 0.646821, 0.646938, 0.647124, 0.647557, 0.648125, 0.648382, 0.648771, 0.648818, 0.649261, 0.649369, 0.649892, 0.650125, 0.650657, 0.651017, 0.651498, 0.651583, 0.651956, 0.652708, 0.653177, 0.653997, 0.654257, 0.654613, 0.65515, 0.655371, 0.655593, 0.655784, 0.655977, 0.656034, 0.656125, 0.656682, 0.656745, 0.656968, 0.657368, 0.657705, 0.657958, 0.658312, 0.65897, 0.659404, 0.65958, 0.659662, 0.659798, 0.6601, 0.660554, 0.660937, 0.661082, 0.661148, 0.662423, 0.663168, 0.663523, 0.66434, 0.664598, 0.664725, 0.665153, 0.665206, 0.665411, 0.666262, 0.666618, 0.66673, 0.667238, 0.667696, 0.667968, 0.66843, 0.668452, 0.668809, 0.668942, 0.670508, 0.671252, 0.671606, 0.671907, 0.672292, 0.672888, 0.673057, 0.673476, 0.674072, 0.674239, 0.674802, 0.674975, 0.67507, 0.675648, 0.676189, 0.676627, 0.679036, 0.679261, 0.679497, 0.680397, 0.680765, 0.682258, 0.682463, 0.682673, 0.687123, 0.687507, 0.688955, 0.689564, 0.690279, 0.690367, 0.696084, 0.699385, 0.699521, 0.70029, 0.700624, 0.701216, 0.701872, 0.702941, 0.703631, 0.704261, 0.704593, 0.70705, 0.707753, 0.708653, 0.709583, 0.710195, 0.712803, 0.713273, 0.714126, 0.714842, 0.715242, 0.716797, 0.717373, 0.719442, 0.720918, 0.72134, 0.721631, 0.72194, 0.722675, 0.723465, 0.723634, 0.724114, 0.724931, 0.725661, 0.725895, 0.726464, 0.72671, 0.727397, 0.72804, 0.728192, 0.728947, 0.729066, 0.72923, 0.729294, 0.729498, 0.729923, 0.73002, 0.730385, 0.730697, 0.730857, 0.731166, 0.731347, 0.731819, 0.731875, 0.731998, 0.732455, 0.733406, 0.73357, 0.733845, 0.73395, 0.734047, 0.734269, 0.734476, 0.734582, 0.735024, 0.735072, 0.735484, 0.73552, 0.735749, 0.736261, 0.736436, 0.736606, 0.737071, 0.737129, 0.737277, 0.737412, 0.737828, 0.738146, 0.738227, 0.738966, 0.739346, 0.739747, 0.739859, 0.740226, 0.740261, 0.740322, 0.740513, 0.740626, 0.740891, 0.74119, 0.741363, 0.741651, 0.741744, 0.741961, 0.742451, 0.74258, 0.74282, 0.742828, 0.743384, 0.743829, 0.743962, 0.744199, 0.74465, 0.744836, 0.745217, 0.745502, 0.74564, 0.74607, 0.746215, 0.746522, 0.746818, 0.747206, 0.74739, 0.747529, 0.747655, 0.747827, 0.748251, 0.7486, 0.748645, 0.749014, 0.749256, 0.749253, 0.74996, 0.749992, 0.750161, 0.750444, 0.750558, 0.750722, 0.750799, 0.751116, 0.751388, 0.751536, 0.751512, 0.75178, 0.751963, 0.752125, 0.752216, 0.752261, 0.752587, 0.752739, 0.752898, 0.753017, 0.753043, 0.753183, 0.753461, 0.753689, 0.753809, 0.75402, 0.754269, 0.754564, 0.754607, 0.754812, 0.754829, 0.755118, 0.755189, 0.755306, 0.755457, 0.755683, 0.755914, 0.756019, 0.756398, 0.756703, 0.756831, 0.757071, 0.757309, 0.757377, 0.757514, 0.757738, 0.757884, 0.758225, 0.758291, 0.758345, 0.758634, 0.758718, 0.758818, 0.759018, 0.759415, 0.759701, 0.759921, 0.760146, 0.76031, 0.760447, 0.760522, 0.760687, 0.76127, 0.761349, 0.761427, 0.762014, 0.762159, 0.762333, 0.762589, 0.762607, 0.762637, 0.762904, 0.762912, 0.763161, 0.76327, 0.763426
elapsed time for k point: 12 minutes, 41 seconds.
total elapsed time for run: 12 minutes, 44 seconds.
done.
epsilon: 1-16, mean 5.20601, harm. mean 1.64448, 45.8359% > 1, 28.0401% "fill"
Outputting dim2-sg16-28080-res16-te-corner-epsilon...
D-energy-components:, 1, 300, 0.496363, 0.503637, 0
Outputting dim2-sg16-28080-res16-te-corner-dpwr.k01.b300.te...
D-energy-components:, 1, 301, 0.519705, 0.480295, 0
Outputting dim2-sg16-28080-res16-te-corner-dpwr.k01.b301.te...
D-energy-components:, 1, 302, 0.50134, 0.49866, 0
Outputting dim2-sg16-28080-res16-te-corner-dpwr.k01.b302.te...
D-energy-components:, 1, 303, 0.46952, 0.53048, 0
Outputting dim2-sg16-28080-res16-te-corner-dpwr.k01.b303.te...
D-energy-components:, 1, 304, 0.465922, 0.534078, 0
Outputting dim2-sg16-28080-res16-te-corner-dpwr.k01.b304.te...
D-energy-components:, 1, 305, 0.512923, 0.487077, 0
Outputting dim2-sg16-28080-res16-te-corner-dpwr.k01.b305.te...
D-energy-components:, 1, 306, 0.477474, 0.522526, 0
Outputting dim2-sg16-28080-res16-te-corner-dpwr.k01.b306.te...
D-energy-components:, 1, 307, 0.504463, 0.495537, 0
Outputting dim2-sg16-28080-res16-te-corner-dpwr.k01.b307.te...
D-energy-components:, 1, 308, 0.492718, 0.507282, 0
Outputting dim2-sg16-28080-res16-te-corner-dpwr.k01.b308.te...
D-energy-components:, 1, 309, 0.489921, 0.510079, 0
Outputting dim2-sg16-28080-res16-te-corner-dpwr.k01.b309.te...
D-energy-components:, 1, 310, 0.486298, 0.513702, 0
Outputting dim2-sg16-28080-res16-te-corner-dpwr.k01.b310.te...
D-energy-components:, 1, 311, 0.504127, 0.495873, 0
Outputting dim2-sg16-28080-res16-te-corner-dpwr.k01.b311.te...
D-energy-components:, 1, 312, 0.485771, 0.514229, 0
Outputting dim2-sg16-28080-res16-te-corner-dpwr.k01.b312.te...
D-energy-components:, 1, 313, 0.516676, 0.483324, 0
Outputting dim2-sg16-28080-res16-te-corner-dpwr.k01.b313.te...
D-energy-components:, 1, 314, 0.47267, 0.52733, 0
Outputting dim2-sg16-28080-res16-te-corner-dpwr.k01.b314.te...
D-energy-components:, 1, 315, 0.495287, 0.504713, 0
Outputting dim2-sg16-28080-res16-te-corner-dpwr.k01.b315.te...
D-energy-components:, 1, 316, 0.494702, 0.505298, 0
Outputting dim2-sg16-28080-res16-te-corner-dpwr.k01.b316.te...
D-energy-components:, 1, 317, 0.526362, 0.473638, 0
Outputting dim2-sg16-28080-res16-te-corner-dpwr.k01.b317.te...
D-energy-components:, 1, 318, 0.533367, 0.466633, 0
Outputting dim2-sg16-28080-res16-te-corner-dpwr.k01.b318.te...
D-energy-components:, 1, 319, 0.480462, 0.519538, 0
Outputting dim2-sg16-28080-res16-te-corner-dpwr.k01.b319.te...
D-energy-components:, 1, 320, 0.487693, 0.512307, 0
Outputting dim2-sg16-28080-res16-te-corner-dpwr.k01.b320.te...
D-energy-components:, 1, 321, 0.484947, 0.515053, 0
Outputting dim2-sg16-28080-res16-te-corner-dpwr.k01.b321.te...
D-energy-components:, 1, 322, 0.477981, 0.522019, 0
Outputting dim2-sg16-28080-res16-te-corner-dpwr.k01.b322.te...
D-energy-components:, 1, 323, 0.504679, 0.495321, 0
Outputting dim2-sg16-28080-res16-te-corner-dpwr.k01.b323.te...
D-energy-components:, 1, 324, 0.504766, 0.495234, 0
Outputting dim2-sg16-28080-res16-te-corner-dpwr.k01.b324.te...
D-energy-components:, 1, 325, 0.458416, 0.541584, 0
Outputting dim2-sg16-28080-res16-te-corner-dpwr.k01.b325.te...
D-energy-components:, 1, 326, 0.479584, 0.520416, 0
Outputting dim2-sg16-28080-res16-te-corner-dpwr.k01.b326.te...
D-energy-components:, 1, 327, 0.487594, 0.512406, 0
Outputting dim2-sg16-28080-res16-te-corner-dpwr.k01.b327.te...
D-energy-components:, 1, 328, 0.53067, 0.46933, 0
Outputting dim2-sg16-28080-res16-te-corner-dpwr.k01.b328.te...
D-energy-components:, 1, 329, 0.484271, 0.515729, 0
Outputting dim2-sg16-28080-res16-te-corner-dpwr.k01.b329.te...
D-energy-components:, 1, 330, 0.458479, 0.541521, 0
Outputting dim2-sg16-28080-res16-te-corner-dpwr.k01.b330.te...
D-energy-components:, 1, 331, 0.539323, 0.460677, 0
Outputting dim2-sg16-28080-res16-te-corner-dpwr.k01.b331.te...
D-energy-components:, 1, 332, 0.54638, 0.45362, 0
Outputting dim2-sg16-28080-res16-te-corner-dpwr.k01.b332.te...
D-energy-components:, 1, 333, 0.472229, 0.527771, 0
Outputting dim2-sg16-28080-res16-te-corner-dpwr.k01.b333.te...
D-energy-components:, 1, 334, 0.498837, 0.501163, 0
Outputting dim2-sg16-28080-res16-te-corner-dpwr.k01.b334.te...
D-energy-components:, 1, 335, 0.507451, 0.492549, 0
Outputting dim2-sg16-28080-res16-te-corner-dpwr.k01.b335.te...
D-energy-components:, 1, 336, 0.276861, 0.723139, 0
Outputting dim2-sg16-28080-res16-te-corner-dpwr.k01.b336.te...
D-energy-components:, 1, 337, 0.458167, 0.541833, 0
Outputting dim2-sg16-28080-res16-te-corner-dpwr.k01.b337.te...
D-energy-components:, 1, 338, 0.400476, 0.599524, 0
Outputting dim2-sg16-28080-res16-te-corner-dpwr.k01.b338.te...
D-energy-components:, 1, 339, 0.304945, 0.695055, 0
Outputting dim2-sg16-28080-res16-te-corner-dpwr.k01.b339.te...
D-energy-components:, 1, 340, 0.924213, 0.0757866, 0
Outputting dim2-sg16-28080-res16-te-corner-dpwr.k01.b340.te...
D-energy-components:, 1, 341, 0.346252, 0.653748, 0
Outputting dim2-sg16-28080-res16-te-corner-dpwr.k01.b341.te...
D-energy-components:, 1, 342, 0.388781, 0.611219, 0
Outputting dim2-sg16-28080-res16-te-corner-dpwr.k01.b342.te...
D-energy-components:, 1, 343, 0.331576, 0.668424, 0
Outputting dim2-sg16-28080-res16-te-corner-dpwr.k01.b343.te...
D-energy-components:, 1, 344, 0.413123, 0.586877, 0
Outputting dim2-sg16-28080-res16-te-corner-dpwr.k01.b344.te...
D-energy-components:, 1, 345, 0.729686, 0.270314, 0
Outputting dim2-sg16-28080-res16-te-corner-dpwr.k01.b345.te...
D-energy-components:, 1, 346, 0.873806, 0.126194, 0
Outputting dim2-sg16-28080-res16-te-corner-dpwr.k01.b346.te...
D-energy-components:, 1, 347, 0.915693, 0.0843071, 0
Outputting dim2-sg16-28080-res16-te-corner-dpwr.k01.b347.te...
D-energy-components:, 1, 348, 0.508161, 0.491839, 0
Outputting dim2-sg16-28080-res16-te-corner-dpwr.k01.b348.te...
D-energy-components:, 1, 349, 0.592437, 0.407563, 0
Outputting dim2-sg16-28080-res16-te-corner-dpwr.k01.b349.te...
D-energy-components:, 1, 350, 0.465675, 0.534325, 0
Outputting dim2-sg16-28080-res16-te-corner-dpwr.k01.b350.te...
D-energy-components:, 1, 351, 0.450527, 0.549473, 0
Outputting dim2-sg16-28080-res16-te-corner-dpwr.k01.b351.te...
D-energy-components:, 1, 352, 0.27075, 0.72925, 0
Outputting dim2-sg16-28080-res16-te-corner-dpwr.k01.b352.te...
D-energy-components:, 1, 353, 0.428013, 0.571987, 0
Outputting dim2-sg16-28080-res16-te-corner-dpwr.k01.b353.te...
D-energy-components:, 1, 354, 0.303196, 0.696804, 0
Outputting dim2-sg16-28080-res16-te-corner-dpwr.k01.b354.te...
D-energy-components:, 1, 355, 0.294495, 0.705505, 0
Outputting dim2-sg16-28080-res16-te-corner-dpwr.k01.b355.te...
D-energy-components:, 1, 356, 0.550402, 0.449598, 0
Outputting dim2-sg16-28080-res16-te-corner-dpwr.k01.b356.te...
D-energy-components:, 1, 357, 0.552058, 0.447942, 0
Outputting dim2-sg16-28080-res16-te-corner-dpwr.k01.b357.te...
D-energy-components:, 1, 358, 0.561145, 0.438855, 0
Outputting dim2-sg16-28080-res16-te-corner-dpwr.k01.b358.te...
D-energy-components:, 1, 359, 0.469445, 0.530555, 0
Outputting dim2-sg16-28080-res16-te-corner-dpwr.k01.b359.te...
D-energy-components:, 1, 360, 0.329475, 0.670525, 0
Outputting dim2-sg16-28080-res16-te-corner-dpwr.k01.b360.te...
D-energy-components:, 1, 361, 0.854098, 0.145902, 0
Outputting dim2-sg16-28080-res16-te-corner-dpwr.k01.b361.te...
D-energy-components:, 1, 362, 0.453553, 0.546447, 0
Outputting dim2-sg16-28080-res16-te-corner-dpwr.k01.b362.te...
D-energy-components:, 1, 363, 0.346313, 0.653687, 0
Outputting dim2-sg16-28080-res16-te-corner-dpwr.k01.b363.te...
D-energy-components:, 1, 364, 0.300994, 0.699006, 0
Outputting dim2-sg16-28080-res16-te-corner-dpwr.k01.b364.te...
D-energy-components:, 1, 365, 0.304226, 0.695774, 0
Outputting dim2-sg16-28080-res16-te-corner-dpwr.k01.b365.te...
D-energy-components:, 1, 366, 0.425113, 0.574887, 0
Outputting dim2-sg16-28080-res16-te-corner-dpwr.k01.b366.te...
D-energy-components:, 1, 367, 0.507553, 0.492447, 0
Outputting dim2-sg16-28080-res16-te-corner-dpwr.k01.b367.te...
D-energy-components:, 1, 368, 0.339475, 0.660525, 0
Outputting dim2-sg16-28080-res16-te-corner-dpwr.k01.b368.te...
D-energy-components:, 1, 369, 0.890707, 0.109293, 0
Outputting dim2-sg16-28080-res16-te-corner-dpwr.k01.b369.te...
D-energy-components:, 1, 370, 0.920706, 0.0792936, 0
Outputting dim2-sg16-28080-res16-te-corner-dpwr.k01.b370.te...
D-energy-components:, 1, 371, 0.827365, 0.172635, 0
Outputting dim2-sg16-28080-res16-te-corner-dpwr.k01.b371.te...
D-energy-components:, 1, 372, 0.335935, 0.664065, 0
Outputting dim2-sg16-28080-res16-te-corner-dpwr.k01.b372.te...
D-energy-components:, 1, 373, 0.869132, 0.130868, 0
Outputting dim2-sg16-28080-res16-te-corner-dpwr.k01.b373.te...
D-energy-components:, 1, 374, 0.339059, 0.660941, 0
Outputting dim2-sg16-28080-res16-te-corner-dpwr.k01.b374.te...
D-energy-components:, 1, 375, 0.355003, 0.644997, 0
Outputting dim2-sg16-28080-res16-te-corner-dpwr.k01.b375.te...
D-energy-components:, 1, 376, 0.469788, 0.530212, 0
Outputting dim2-sg16-28080-res16-te-corner-dpwr.k01.b376.te...
D-energy-components:, 1, 377, 0.317903, 0.682097, 0
Outputting dim2-sg16-28080-res16-te-corner-dpwr.k01.b377.te...
D-energy-components:, 1, 378, 0.620287, 0.379713, 0
Outputting dim2-sg16-28080-res16-te-corner-dpwr.k01.b378.te...
D-energy-components:, 1, 379, 0.432837, 0.567163, 0
Outputting dim2-sg16-28080-res16-te-corner-dpwr.k01.b379.te...
D-energy-components:, 1, 380, 0.479849, 0.520151, 0
Outputting dim2-sg16-28080-res16-te-corner-dpwr.k01.b380.te...
D-energy-components:, 1, 381, 0.354898, 0.645102, 0
Outputting dim2-sg16-28080-res16-te-corner-dpwr.k01.b381.te...
D-energy-components:, 1, 382, 0.672687, 0.327313, 0
Outputting dim2-sg16-28080-res16-te-corner-dpwr.k01.b382.te...
D-energy-components:, 1, 383, 0.336251, 0.663749, 0
Outputting dim2-sg16-28080-res16-te-corner-dpwr.k01.b383.te...
D-energy-components:, 1, 384, 0.32304, 0.67696, 0
Outputting dim2-sg16-28080-res16-te-corner-dpwr.k01.b384.te...
D-energy-components:, 1, 385, 0.856536, 0.143464, 0
Outputting dim2-sg16-28080-res16-te-corner-dpwr.k01.b385.te...
D-energy-components:, 1, 386, 0.328005, 0.671995, 0
Outputting dim2-sg16-28080-res16-te-corner-dpwr.k01.b386.te...
D-energy-components:, 1, 387, 0.658647, 0.341353, 0
Outputting dim2-sg16-28080-res16-te-corner-dpwr.k01.b387.te...
D-energy-components:, 1, 388, 0.47044, 0.52956, 0
Outputting dim2-sg16-28080-res16-te-corner-dpwr.k01.b388.te...
D-energy-components:, 1, 389, 0.561375, 0.438625, 0
Outputting dim2-sg16-28080-res16-te-corner-dpwr.k01.b389.te...
D-energy-components:, 1, 390, 0.598191, 0.401809, 0
Outputting dim2-sg16-28080-res16-te-corner-dpwr.k01.b390.te...
D-energy-components:, 1, 391, 0.31584, 0.68416, 0
Outputting dim2-sg16-28080-res16-te-corner-dpwr.k01.b391.te...
D-energy-components:, 1, 392, 0.443393, 0.556607, 0
Outputting dim2-sg16-28080-res16-te-corner-dpwr.k01.b392.te...
D-energy-components:, 1, 393, 0.716895, 0.283105, 0
Outputting dim2-sg16-28080-res16-te-corner-dpwr.k01.b393.te...
D-energy-components:, 1, 394, 0.333072, 0.666928, 0
Outputting dim2-sg16-28080-res16-te-corner-dpwr.k01.b394.te...
D-energy-components:, 1, 395, 0.427212, 0.572788, 0
Outputting dim2-sg16-28080-res16-te-corner-dpwr.k01.b395.te...
D-energy-components:, 1, 396, 0.511284, 0.488716, 0
Outputting dim2-sg16-28080-res16-te-corner-dpwr.k01.b396.te...
D-energy-components:, 1, 397, 0.355411, 0.644589, 0
Outputting dim2-sg16-28080-res16-te-corner-dpwr.k01.b397.te...
D-energy-components:, 1, 398, 0.320679, 0.679321, 0
Outputting dim2-sg16-28080-res16-te-corner-dpwr.k01.b398.te...
D-energy-components:, 1, 399, 0.769646, 0.230354, 0
Outputting dim2-sg16-28080-res16-te-corner-dpwr.k01.b399.te...
D-energy-components:, 1, 400, 0.413549, 0.586451, 0
Outputting dim2-sg16-28080-res16-te-corner-dpwr.k01.b400.te...
Fixing h-field (band 300) phase by 0.995646 + -0.0932123i; max ampl. = 0.616435
Outputting fields to dim2-sg16-28080-res16-te-corner-h.k01.b300.z.te...
Fixing h-field (band 301) phase by -0.71141 + -0.702777i; max ampl. = 0.578533
Outputting fields to dim2-sg16-28080-res16-te-corner-h.k01.b301.z.te...
Fixing h-field (band 302) phase by -0.941964 + 0.335713i; max ampl. = 0.496404
Outputting fields to dim2-sg16-28080-res16-te-corner-h.k01.b302.z.te...
Fixing h-field (band 303) phase by -0.98274 + -0.184994i; max ampl. = 0.476437
Outputting fields to dim2-sg16-28080-res16-te-corner-h.k01.b303.z.te...
Fixing h-field (band 304) phase by 0.0362275 + -0.999344i; max ampl. = 0.536241
Outputting fields to dim2-sg16-28080-res16-te-corner-h.k01.b304.z.te...
Fixing h-field (band 305) phase by 0.621572 + 0.783357i; max ampl. = 0.579661
Outputting fields to dim2-sg16-28080-res16-te-corner-h.k01.b305.z.te...
Fixing h-field (band 306) phase by 0.982495 + 0.186287i; max ampl. = 0.559968
Outputting fields to dim2-sg16-28080-res16-te-corner-h.k01.b306.z.te...
Fixing h-field (band 307) phase by -0.136693 + 0.990613i; max ampl. = 0.558244
Outputting fields to dim2-sg16-28080-res16-te-corner-h.k01.b307.z.te...
Fixing h-field (band 308) phase by -0.33346 + 0.942764i; max ampl. = 0.607557
Outputting fields to dim2-sg16-28080-res16-te-corner-h.k01.b308.z.te...
Fixing h-field (band 309) phase by 0.999021 + 0.0442336i; max ampl. = 0.612985
Outputting fields to dim2-sg16-28080-res16-te-corner-h.k01.b309.z.te...
Fixing h-field (band 310) phase by -0.671123 + -0.741346i; max ampl. = 0.562879
Outputting fields to dim2-sg16-28080-res16-te-corner-h.k01.b310.z.te...
Fixing h-field (band 311) phase by -0.797848 + 0.602859i; max ampl. = 0.565722
Outputting fields to dim2-sg16-28080-res16-te-corner-h.k01.b311.z.te...
Fixing h-field (band 312) phase by 0.995031 + 0.0995619i; max ampl. = 0.528917
Outputting fields to dim2-sg16-28080-res16-te-corner-h.k01.b312.z.te...
Fixing h-field (band 313) phase by -0.480125 + 0.8772i; max ampl. = 0.569214
Outputting fields to dim2-sg16-28080-res16-te-corner-h.k01.b313.z.te...
Fixing h-field (band 314) phase by 0.284407 + 0.958704i; max ampl. = 0.567601
Outputting fields to dim2-sg16-28080-res16-te-corner-h.k01.b314.z.te...
Fixing h-field (band 315) phase by 0.0603488 + -0.998177i; max ampl. = 0.605681
Outputting fields to dim2-sg16-28080-res16-te-corner-h.k01.b315.z.te...
Fixing h-field (band 316) phase by 0.0124547 + 0.999922i; max ampl. = 0.517142
Outputting fields to dim2-sg16-28080-res16-te-corner-h.k01.b316.z.te...
Fixing h-field (band 317) phase by 0.999888 + -0.0149844i; max ampl. = 1.47492
Outputting fields to dim2-sg16-28080-res16-te-corner-h.k01.b317.z.te...
Fixing h-field (band 318) phase by 0.435565 + 0.900157i; max ampl. = 1.59389
Outputting fields to dim2-sg16-28080-res16-te-corner-h.k01.b318.z.te...
Fixing h-field (band 319) phase by -0.342737 + -0.939432i; max ampl. = 1.48662
Outputting fields to dim2-sg16-28080-res16-te-corner-h.k01.b319.z.te...
Fixing h-field (band 320) phase by -0.802682 + -0.596408i; max ampl. = 1.35134
Outputting fields to dim2-sg16-28080-res16-te-corner-h.k01.b320.z.te...
Fixing h-field (band 321) phase by 0.49095 + 0.871188i; max ampl. = 1.53449
Outputting fields to dim2-sg16-28080-res16-te-corner-h.k01.b321.z.te...
Fixing h-field (band 322) phase by 0.723014 + -0.690833i; max ampl. = 1.23354
Outputting fields to dim2-sg16-28080-res16-te-corner-h.k01.b322.z.te...
Fixing h-field (band 323) phase by 0.196386 + 0.980527i; max ampl. = 1.57338
Outputting fields to dim2-sg16-28080-res16-te-corner-h.k01.b323.z.te...
Fixing h-field (band 324) phase by 0.747142 + 0.664664i; max ampl. = 1.62496
Outputting fields to dim2-sg16-28080-res16-te-corner-h.k01.b324.z.te...
Fixing h-field (band 325) phase by 0.265067 + 0.96423i; max ampl. = 1.53932
Outputting fields to dim2-sg16-28080-res16-te-corner-h.k01.b325.z.te...
Fixing h-field (band 326) phase by 0.601292 + 0.799029i; max ampl. = 1.13574
Outputting fields to dim2-sg16-28080-res16-te-corner-h.k01.b326.z.te...
Fixing h-field (band 327) phase by 0.640669 + 0.767817i; max ampl. = 1.21892
Outputting fields to dim2-sg16-28080-res16-te-corner-h.k01.b327.z.te...
Fixing h-field (band 328) phase by -0.977559 + -0.21066i; max ampl. = 1.67081
Outputting fields to dim2-sg16-28080-res16-te-corner-h.k01.b328.z.te...
Fixing h-field (band 329) phase by -0.282796 + 0.95918i; max ampl. = 0.724132
Outputting fields to dim2-sg16-28080-res16-te-corner-h.k01.b329.z.te...
Fixing h-field (band 330) phase by -0.916908 + -0.399099i; max ampl. = 0.865331
Outputting fields to dim2-sg16-28080-res16-te-corner-h.k01.b330.z.te...
Fixing h-field (band 331) phase by 0.15822 + -0.987404i; max ampl. = 0.695801
Outputting fields to dim2-sg16-28080-res16-te-corner-h.k01.b331.z.te...
Fixing h-field (band 332) phase by -0.764787 + -0.644283i; max ampl. = 0.692217
Outputting fields to dim2-sg16-28080-res16-te-corner-h.k01.b332.z.te...
Fixing h-field (band 333) phase by -0.534032 + -0.845464i; max ampl. = 0.696611
Outputting fields to dim2-sg16-28080-res16-te-corner-h.k01.b333.z.te...
Fixing h-field (band 334) phase by 0.947748 + -0.319021i; max ampl. = 0.700375
Outputting fields to dim2-sg16-28080-res16-te-corner-h.k01.b334.z.te...
Fixing h-field (band 335) phase by -0.994784 + 0.102008i; max ampl. = 0.784474
Outputting fields to dim2-sg16-28080-res16-te-corner-h.k01.b335.z.te...
Fixing h-field (band 336) phase by -0.487636 + 0.873047i; max ampl. = 0.224847
Outputting fields to dim2-sg16-28080-res16-te-corner-h.k01.b336.z.te...
Fixing h-field (band 337) phase by -0.817353 + -0.576137i; max ampl. = 0.723687
Outputting fields to dim2-sg16-28080-res16-te-corner-h.k01.b337.z.te...
Fixing h-field (band 338) phase by -0.652011 + -0.75821i; max ampl. = 0.709225
Outputting fields to dim2-sg16-28080-res16-te-corner-h.k01.b338.z.te...
Fixing h-field (band 339) phase by 0.97361 + 0.228219i; max ampl. = 0.265692
Outputting fields to dim2-sg16-28080-res16-te-corner-h.k01.b339.z.te...
Fixing h-field (band 340) phase by -0.967433 + 0.253126i; max ampl. = 0.258098
Outputting fields to dim2-sg16-28080-res16-te-corner-h.k01.b340.z.te...
Fixing h-field (band 341) phase by 0.813456 + 0.581626i; max ampl. = 0.324072
Outputting fields to dim2-sg16-28080-res16-te-corner-h.k01.b341.z.te...
Fixing h-field (band 342) phase by -0.705441 + -0.708768i; max ampl. = 0.545488
Outputting fields to dim2-sg16-28080-res16-te-corner-h.k01.b342.z.te...
Fixing h-field (band 343) phase by 0.931389 + -0.364027i; max ampl. = 0.334554
Outputting fields to dim2-sg16-28080-res16-te-corner-h.k01.b343.z.te...
Fixing h-field (band 344) phase by -0.722897 + 0.690956i; max ampl. = 0.262776
Outputting fields to dim2-sg16-28080-res16-te-corner-h.k01.b344.z.te...
Fixing h-field (band 345) phase by 0.111304 + -0.993786i; max ampl. = 0.327325
Outputting fields to dim2-sg16-28080-res16-te-corner-h.k01.b345.z.te...
Fixing h-field (band 346) phase by -0.969548 + -0.2449i; max ampl. = 0.296363
Outputting fields to dim2-sg16-28080-res16-te-corner-h.k01.b346.z.te...
Fixing h-field (band 347) phase by 0.0539682 + -0.998543i; max ampl. = 0.300435
Outputting fields to dim2-sg16-28080-res16-te-corner-h.k01.b347.z.te...
Fixing h-field (band 348) phase by 0.567235 + -0.823556i; max ampl. = 0.306066
Outputting fields to dim2-sg16-28080-res16-te-corner-h.k01.b348.z.te...
Fixing h-field (band 349) phase by 0.972852 + -0.231427i; max ampl. = 0.284592
Outputting fields to dim2-sg16-28080-res16-te-corner-h.k01.b349.z.te...
Fixing h-field (band 350) phase by -0.980936 + 0.194331i; max ampl. = 0.424814
Outputting fields to dim2-sg16-28080-res16-te-corner-h.k01.b350.z.te...
Fixing h-field (band 351) phase by -0.510569 + 0.859837i; max ampl. = 0.291247
Outputting fields to dim2-sg16-28080-res16-te-corner-h.k01.b351.z.te...
Fixing h-field (band 352) phase by -0.316881 + -0.948465i; max ampl. = 0.260609
Outputting fields to dim2-sg16-28080-res16-te-corner-h.k01.b352.z.te...
Fixing h-field (band 353) phase by -0.283144 + 0.959077i; max ampl. = 0.542182
Outputting fields to dim2-sg16-28080-res16-te-corner-h.k01.b353.z.te...
Fixing h-field (band 354) phase by -0.525868 + 0.850566i; max ampl. = 0.333689
Outputting fields to dim2-sg16-28080-res16-te-corner-h.k01.b354.z.te...
Fixing h-field (band 355) phase by -0.599807 + -0.800145i; max ampl. = 0.289207
Outputting fields to dim2-sg16-28080-res16-te-corner-h.k01.b355.z.te...
Fixing h-field (band 356) phase by -0.183217 + 0.983073i; max ampl. = 0.500049
Outputting fields to dim2-sg16-28080-res16-te-corner-h.k01.b356.z.te...
Fixing h-field (band 357) phase by 0.413674 + 0.910425i; max ampl. = 0.269595
Outputting fields to dim2-sg16-28080-res16-te-corner-h.k01.b357.z.te...
Fixing h-field (band 358) phase by 0.216417 + -0.976301i; max ampl. = 0.405697
Outputting fields to dim2-sg16-28080-res16-te-corner-h.k01.b358.z.te...
Fixing h-field (band 359) phase by 0.967413 + -0.253205i; max ampl. = 0.356858
Outputting fields to dim2-sg16-28080-res16-te-corner-h.k01.b359.z.te...
Fixing h-field (band 360) phase by -0.999378 + -0.0352765i; max ampl. = 0.318136
Outputting fields to dim2-sg16-28080-res16-te-corner-h.k01.b360.z.te...
Fixing h-field (band 361) phase by -0.692501 + -0.721417i; max ampl. = 0.327714
Outputting fields to dim2-sg16-28080-res16-te-corner-h.k01.b361.z.te...
Fixing h-field (band 362) phase by 0.115634 + 0.993292i; max ampl. = 0.286588
Outputting fields to dim2-sg16-28080-res16-te-corner-h.k01.b362.z.te...
Fixing h-field (band 363) phase by 0.468546 + -0.883439i; max ampl. = 0.320205
Outputting fields to dim2-sg16-28080-res16-te-corner-h.k01.b363.z.te...
Fixing h-field (band 364) phase by 0.424431 + -0.90546i; max ampl. = 0.302377
Outputting fields to dim2-sg16-28080-res16-te-corner-h.k01.b364.z.te...
Fixing h-field (band 365) phase by 0.984632 + -0.174643i; max ampl. = 0.333366
Outputting fields to dim2-sg16-28080-res16-te-corner-h.k01.b365.z.te...
Fixing h-field (band 366) phase by -0.760814 + 0.648971i; max ampl. = 0.298317
Outputting fields to dim2-sg16-28080-res16-te-corner-h.k01.b366.z.te...
Fixing h-field (band 367) phase by 0.00514877 + -0.999987i; max ampl. = 0.321773
Outputting fields to dim2-sg16-28080-res16-te-corner-h.k01.b367.z.te...
Fixing h-field (band 368) phase by 0.500076 + -0.865982i; max ampl. = 0.314507
Outputting fields to dim2-sg16-28080-res16-te-corner-h.k01.b368.z.te...
Fixing h-field (band 369) phase by -0.239676 + 0.970853i; max ampl. = 0.361276
Outputting fields to dim2-sg16-28080-res16-te-corner-h.k01.b369.z.te...
Fixing h-field (band 370) phase by 0.837614 + 0.546263i; max ampl. = 0.354172
Outputting fields to dim2-sg16-28080-res16-te-corner-h.k01.b370.z.te...
Fixing h-field (band 371) phase by 0.806168 + 0.591686i; max ampl. = 0.304463
Outputting fields to dim2-sg16-28080-res16-te-corner-h.k01.b371.z.te...
Fixing h-field (band 372) phase by -0.594703 + 0.803946i; max ampl. = 0.372651
Outputting fields to dim2-sg16-28080-res16-te-corner-h.k01.b372.z.te...
Fixing h-field (band 373) phase by 0.648518 + 0.7612i; max ampl. = 0.328943
Outputting fields to dim2-sg16-28080-res16-te-corner-h.k01.b373.z.te...
Fixing h-field (band 374) phase by 0.983747 + -0.179557i; max ampl. = 0.281342
Outputting fields to dim2-sg16-28080-res16-te-corner-h.k01.b374.z.te...
Fixing h-field (band 375) phase by 0.840013 + -0.542566i; max ampl. = 0.350323
Outputting fields to dim2-sg16-28080-res16-te-corner-h.k01.b375.z.te...
Fixing h-field (band 376) phase by -0.951057 + -0.309014i; max ampl. = 0.291146
Outputting fields to dim2-sg16-28080-res16-te-corner-h.k01.b376.z.te...
Fixing h-field (band 377) phase by 0.419955 + -0.907545i; max ampl. = 0.305832
Outputting fields to dim2-sg16-28080-res16-te-corner-h.k01.b377.z.te...
Fixing h-field (band 378) phase by -0.936361 + -0.35104i; max ampl. = 0.299216
Outputting fields to dim2-sg16-28080-res16-te-corner-h.k01.b378.z.te...
Fixing h-field (band 379) phase by 0.256261 + 0.966608i; max ampl. = 0.292596
Outputting fields to dim2-sg16-28080-res16-te-corner-h.k01.b379.z.te...
Fixing h-field (band 380) phase by -0.999775 + -0.0212188i; max ampl. = 0.365869
Outputting fields to dim2-sg16-28080-res16-te-corner-h.k01.b380.z.te...
Fixing h-field (band 381) phase by 0.277227 + -0.960804i; max ampl. = 0.259774
Outputting fields to dim2-sg16-28080-res16-te-corner-h.k01.b381.z.te...
Fixing h-field (band 382) phase by -0.824629 + 0.565673i; max ampl. = 0.304482
Outputting fields to dim2-sg16-28080-res16-te-corner-h.k01.b382.z.te...
Fixing h-field (band 383) phase by -0.989614 + 0.143752i; max ampl. = 0.31847
Outputting fields to dim2-sg16-28080-res16-te-corner-h.k01.b383.z.te...
Fixing h-field (band 384) phase by -0.630829 + -0.775922i; max ampl. = 0.288625
Outputting fields to dim2-sg16-28080-res16-te-corner-h.k01.b384.z.te...
Fixing h-field (band 385) phase by -0.88663 + 0.462479i; max ampl. = 0.330416
Outputting fields to dim2-sg16-28080-res16-te-corner-h.k01.b385.z.te...
Fixing h-field (band 386) phase by -0.771735 + 0.635945i; max ampl. = 0.316364
Outputting fields to dim2-sg16-28080-res16-te-corner-h.k01.b386.z.te...
Fixing h-field (band 387) phase by -0.855024 + 0.518589i; max ampl. = 0.362659
Outputting fields to dim2-sg16-28080-res16-te-corner-h.k01.b387.z.te...
Fixing h-field (band 388) phase by -0.136988 + 0.990573i; max ampl. = 0.365147
Outputting fields to dim2-sg16-28080-res16-te-corner-h.k01.b388.z.te...
Fixing h-field (band 389) phase by 0.361138 + -0.932513i; max ampl. = 0.329383
Outputting fields to dim2-sg16-28080-res16-te-corner-h.k01.b389.z.te...
Fixing h-field (band 390) phase by 0.0146658 + 0.999892i; max ampl. = 0.274215
Outputting fields to dim2-sg16-28080-res16-te-corner-h.k01.b390.z.te...
Fixing h-field (band 391) phase by -0.265338 + -0.964156i; max ampl. = 0.304087
Outputting fields to dim2-sg16-28080-res16-te-corner-h.k01.b391.z.te...
Fixing h-field (band 392) phase by 0.969009 + -0.247024i; max ampl. = 0.290822
Outputting fields to dim2-sg16-28080-res16-te-corner-h.k01.b392.z.te...
Fixing h-field (band 393) phase by 0.944792 + 0.327669i; max ampl. = 0.369015
Outputting fields to dim2-sg16-28080-res16-te-corner-h.k01.b393.z.te...
Fixing h-field (band 394) phase by -0.240235 + 0.970715i; max ampl. = 0.295679
Outputting fields to dim2-sg16-28080-res16-te-corner-h.k01.b394.z.te...
Fixing h-field (band 395) phase by -0.197389 + 0.980325i; max ampl. = 0.36884
Outputting fields to dim2-sg16-28080-res16-te-corner-h.k01.b395.z.te...
Fixing h-field (band 396) phase by -0.961526 + 0.274715i; max ampl. = 0.327329
Outputting fields to dim2-sg16-28080-res16-te-corner-h.k01.b396.z.te...
Fixing h-field (band 397) phase by 0.974149 + -0.225905i; max ampl. = 0.297832
Outputting fields to dim2-sg16-28080-res16-te-corner-h.k01.b397.z.te...
Fixing h-field (band 398) phase by -0.422322 + 0.906446i; max ampl. = 0.341754
Outputting fields to dim2-sg16-28080-res16-te-corner-h.k01.b398.z.te...
Fixing h-field (band 399) phase by -0.657824 + -0.753172i; max ampl. = 0.392928
Outputting fields to dim2-sg16-28080-res16-te-corner-h.k01.b399.z.te...
Fixing h-field (band 400) phase by -0.685387 + -0.728179i; max ampl. = 0.265211
Outputting fields to dim2-sg16-28080-res16-te-corner-h.k01.b400.z.te...
